[2026-06-11T18:11:47.019+0000] {local_task_job_runner.py:120} INFO - ::group::Pre task execution logs
[2026-06-11T18:11:47.049+0000] {taskinstance.py:2076} INFO - Dependencies all met for dep_context=non-requeueable deps ti=<TaskInstance: ecommerce_end_to_end_pipeline.ingest_bronze scheduled__2026-06-10T03:00:00+00:00 [queued]>
[2026-06-11T18:11:47.056+0000] {taskinstance.py:2076} INFO - Dependencies all met for dep_context=requeueable deps ti=<TaskInstance: ecommerce_end_to_end_pipeline.ingest_bronze scheduled__2026-06-10T03:00:00+00:00 [queued]>
[2026-06-11T18:11:47.057+0000] {taskinstance.py:2306} INFO - Starting attempt 1 of 3
[2026-06-11T18:11:47.067+0000] {taskinstance.py:2330} INFO - Executing <Task(BashOperator): ingest_bronze> on 2026-06-10 03:00:00+00:00
[2026-06-11T18:11:47.071+0000] {standard_task_runner.py:64} INFO - Started process 265 to run task
[2026-06-11T18:11:47.074+0000] {standard_task_runner.py:90} INFO - Running: ['***', 'tasks', 'run', 'ecommerce_end_to_end_pipeline', 'ingest_bronze', 'scheduled__2026-06-10T03:00:00+00:00', '--job-id', '2', '--raw', '--subdir', 'DAGS_FOLDER/ecommerce_pipeline_dag.py', '--cfg-path', '/tmp/tmp39j4yssr']
[2026-06-11T18:11:47.078+0000] {standard_task_runner.py:91} INFO - Job 2: Subtask ingest_bronze
[2026-06-11T18:11:47.133+0000] {task_command.py:426} INFO - Running <TaskInstance: ecommerce_end_to_end_pipeline.ingest_bronze scheduled__2026-06-10T03:00:00+00:00 [running]> on host b41a992ece8c
[2026-06-11T18:11:47.339+0000] {taskinstance.py:2648} INFO - Exporting env vars: AIRFLOW_CTX_DAG_EMAIL='data-alerts@example.com' AIRFLOW_CTX_DAG_OWNER='data-engineering' AIRFLOW_CTX_DAG_ID='ecommerce_end_to_end_pipeline' AIRFLOW_CTX_TASK_ID='ingest_bronze' AIRFLOW_CTX_EXECUTION_DATE='2026-06-10T03:00:00+00:00' AIRFLOW_CTX_TRY_NUMBER='1' AIRFLOW_CTX_DAG_RUN_ID='scheduled__2026-06-10T03:00:00+00:00'
[2026-06-11T18:11:47.340+0000] {taskinstance.py:430} INFO - ::endgroup::
[2026-06-11T18:11:47.374+0000] {subprocess.py:63} INFO - Tmp dir root location: /tmp
[2026-06-11T18:11:47.375+0000] {subprocess.py:75} INFO - Running command: ['/usr/bin/bash', '-c', 'cd /opt/***/project && python -m pyspark_jobs.bronze.ingest_raw --config /opt/***/project/configs/pipeline_config.yaml']
[2026-06-11T18:11:47.382+0000] {subprocess.py:86} INFO - Output:
[2026-06-11T18:11:48.417+0000] {subprocess.py:93} INFO - Invalid maximum heap size: -Xmx${SPARK_DRIVER_MEMORY}
[2026-06-11T18:11:48.418+0000] {subprocess.py:93} INFO - Error: Could not create the Java Virtual Machine.
[2026-06-11T18:11:48.419+0000] {subprocess.py:93} INFO - Error: A fatal exception has occurred. Program will exit.
[2026-06-11T18:11:48.453+0000] {subprocess.py:93} INFO - Traceback (most recent call last):
[2026-06-11T18:11:48.454+0000] {subprocess.py:93} INFO -   File "<frozen runpy>", line 198, in _run_module_as_main
[2026-06-11T18:11:48.455+0000] {subprocess.py:93} INFO -   File "<frozen runpy>", line 88, in _run_code
[2026-06-11T18:11:48.456+0000] {subprocess.py:93} INFO -   File "/opt/***/project/pyspark_jobs/bronze/ingest_raw.py", line 74, in <module>
[2026-06-11T18:11:48.463+0000] {subprocess.py:93} INFO -     main(args.config)
[2026-06-11T18:11:48.464+0000] {subprocess.py:93} INFO -   File "/opt/***/project/pyspark_jobs/bronze/ingest_raw.py", line 53, in main
[2026-06-11T18:11:48.472+0000] {subprocess.py:93} INFO -     spark = get_spark(config)
[2026-06-11T18:11:48.473+0000] {subprocess.py:93} INFO -             ^^^^^^^^^^^^^^^^^
[2026-06-11T18:11:48.473+0000] {subprocess.py:93} INFO -   File "/opt/***/project/pyspark_jobs/common/spark_session.py", line 30, in get_spark
[2026-06-11T18:11:48.480+0000] {subprocess.py:93} INFO -     spark = builder.getOrCreate()
[2026-06-11T18:11:48.481+0000] {subprocess.py:93} INFO -             ^^^^^^^^^^^^^^^^^^^^^
[2026-06-11T18:11:48.482+0000] {subprocess.py:93} INFO -   File "/home/***/.local/lib/python3.11/site-packages/pyspark/sql/session.py", line 497, in getOrCreate
[2026-06-11T18:11:48.483+0000] {subprocess.py:93} INFO -     sc = SparkContext.getOrCreate(sparkConf)
[2026-06-11T18:11:48.483+0000] {subprocess.py:93} INFO -          ^^^^^^^^^^^^^^^^^^^^^^^^^^^^^^^^^^^
[2026-06-11T18:11:48.484+0000] {subprocess.py:93} INFO -   File "/home/***/.local/lib/python3.11/site-packages/pyspark/context.py", line 515, in getOrCreate
[2026-06-11T18:11:48.485+0000] {subprocess.py:93} INFO -     SparkContext(conf=conf or SparkConf())
[2026-06-11T18:11:48.486+0000] {subprocess.py:93} INFO -   File "/home/***/.local/lib/python3.11/site-packages/pyspark/context.py", line 201, in __init__
[2026-06-11T18:11:48.486+0000] {subprocess.py:93} INFO -     SparkContext._ensure_initialized(self, gateway=gateway, conf=conf)
[2026-06-11T18:11:48.487+0000] {subprocess.py:93} INFO -   File "/home/***/.local/lib/python3.11/site-packages/pyspark/context.py", line 436, in _ensure_initialized
[2026-06-11T18:11:48.487+0000] {subprocess.py:93} INFO -     SparkContext._gateway = gateway or launch_gateway(conf)
[2026-06-11T18:11:48.488+0000] {subprocess.py:93} INFO -                                        ^^^^^^^^^^^^^^^^^^^^
[2026-06-11T18:11:48.488+0000] {subprocess.py:93} INFO -   File "/home/***/.local/lib/python3.11/site-packages/pyspark/java_gateway.py", line 107, in launch_gateway
[2026-06-11T18:11:48.489+0000] {subprocess.py:93} INFO -     raise PySparkRuntimeError(
[2026-06-11T18:11:48.490+0000] {subprocess.py:93} INFO - pyspark.errors.exceptions.base.PySparkRuntimeError: [JAVA_GATEWAY_EXITED] Java gateway process exited before sending its port number.
[2026-06-11T18:11:48.515+0000] {subprocess.py:97} INFO - Command exited with return code 1
[2026-06-11T18:11:48.517+0000] {taskinstance.py:441} INFO - ::group::Post task execution logs
[2026-06-11T18:11:48.527+0000] {taskinstance.py:2905} ERROR - Task failed with exception
Traceback (most recent call last):
  File "/home/airflow/.local/lib/python3.11/site-packages/airflow/models/taskinstance.py", line 465, in _execute_task
    result = _execute_callable(context=context, **execute_callable_kwargs)
             ^^^^^^^^^^^^^^^^^^^^^^^^^^^^^^^^^^^^^^^^^^^^^^^^^^^^^^^^^^^^^
  File "/home/airflow/.local/lib/python3.11/site-packages/airflow/models/taskinstance.py", line 432, in _execute_callable
    return execute_callable(context=context, **execute_callable_kwargs)
           ^^^^^^^^^^^^^^^^^^^^^^^^^^^^^^^^^^^^^^^^^^^^^^^^^^^^^^^^^^^^
  File "/home/airflow/.local/lib/python3.11/site-packages/airflow/models/baseoperator.py", line 401, in wrapper
    return func(self, *args, **kwargs)
           ^^^^^^^^^^^^^^^^^^^^^^^^^^^
  File "/home/airflow/.local/lib/python3.11/site-packages/airflow/operators/bash.py", line 243, in execute
    raise AirflowException(
airflow.exceptions.AirflowException: Bash command failed. The command returned a non-zero exit code 1.
[2026-06-11T18:11:48.531+0000] {taskinstance.py:1206} INFO - Marking task as UP_FOR_RETRY. dag_id=ecommerce_end_to_end_pipeline, task_id=ingest_bronze, run_id=scheduled__2026-06-10T03:00:00+00:00, execution_date=20260610T030000, start_date=20260611T181147, end_date=20260611T181148
[2026-06-11T18:11:48.544+0000] {logging_mixin.py:188} WARNING - /home/***/.local/lib/python3.11/site-packages/***/utils/email.py:154 RemovedInAirflow3Warning: Fetching SMTP credentials from configuration variables will be deprecated in a future release. Please set credentials using a connection instead.
[2026-06-11T18:11:48.545+0000] {configuration.py:1053} WARNING - section/key [smtp/smtp_user] not found in config
[2026-06-11T18:11:48.545+0000] {email.py:271} INFO - Email alerting: attempt 1
[2026-06-11T18:11:48.554+0000] {configuration.py:1053} WARNING - section/key [smtp/smtp_user] not found in config
[2026-06-11T18:11:48.555+0000] {email.py:271} INFO - Email alerting: attempt 1
[2026-06-11T18:11:48.557+0000] {taskinstance.py:879} ERROR - Failed to send email to: ['data-alerts@example.com']
Traceback (most recent call last):
  File "/home/airflow/.local/lib/python3.11/site-packages/airflow/models/taskinstance.py", line 2479, in _run_raw_task
    self._execute_task_with_callbacks(context, test_mode, session=session)
  File "/home/airflow/.local/lib/python3.11/site-packages/airflow/models/taskinstance.py", line 2676, in _execute_task_with_callbacks
    result = self._execute_task(context, task_orig)
             ^^^^^^^^^^^^^^^^^^^^^^^^^^^^^^^^^^^^^^
  File "/home/airflow/.local/lib/python3.11/site-packages/airflow/models/taskinstance.py", line 2701, in _execute_task
    return _execute_task(self, context, task_orig)
           ^^^^^^^^^^^^^^^^^^^^^^^^^^^^^^^^^^^^^^^
  File "/home/airflow/.local/lib/python3.11/site-packages/airflow/models/taskinstance.py", line 465, in _execute_task
    result = _execute_callable(context=context, **execute_callable_kwargs)
             ^^^^^^^^^^^^^^^^^^^^^^^^^^^^^^^^^^^^^^^^^^^^^^^^^^^^^^^^^^^^^
  File "/home/airflow/.local/lib/python3.11/site-packages/airflow/models/taskinstance.py", line 432, in _execute_callable
    return execute_callable(context=context, **execute_callable_kwargs)
           ^^^^^^^^^^^^^^^^^^^^^^^^^^^^^^^^^^^^^^^^^^^^^^^^^^^^^^^^^^^^
  File "/home/airflow/.local/lib/python3.11/site-packages/airflow/models/baseoperator.py", line 401, in wrapper
    return func(self, *args, **kwargs)
           ^^^^^^^^^^^^^^^^^^^^^^^^^^^
  File "/home/airflow/.local/lib/python3.11/site-packages/airflow/operators/bash.py", line 243, in execute
    raise AirflowException(
airflow.exceptions.AirflowException: Bash command failed. The command returned a non-zero exit code 1.

During handling of the above exception, another exception occurred:

Traceback (most recent call last):
  File "/home/airflow/.local/lib/python3.11/site-packages/airflow/models/taskinstance.py", line 1063, in _email_alert
    send_email(task.email, subject, html_content)
  File "/home/airflow/.local/lib/python3.11/site-packages/airflow/utils/email.py", line 80, in send_email
    return backend(
           ^^^^^^^^
  File "/home/airflow/.local/lib/python3.11/site-packages/airflow/utils/email.py", line 154, in send_email_smtp
    send_mime_email(e_from=mail_from, e_to=recipients, mime_msg=msg, conn_id=conn_id, dryrun=dryrun)
  File "/home/airflow/.local/lib/python3.11/site-packages/airflow/utils/email.py", line 273, in send_mime_email
    smtp_conn = _get_smtp_connection(smtp_host, smtp_port, smtp_timeout, smtp_ssl)
                ^^^^^^^^^^^^^^^^^^^^^^^^^^^^^^^^^^^^^^^^^^^^^^^^^^^^^^^^^^^^^^^^^^
  File "/home/airflow/.local/lib/python3.11/site-packages/airflow/utils/email.py", line 317, in _get_smtp_connection
    return smtplib.SMTP(host=host, port=port, timeout=timeout)
           ^^^^^^^^^^^^^^^^^^^^^^^^^^^^^^^^^^^^^^^^^^^^^^^^^^^
  File "/usr/local/lib/python3.11/smtplib.py", line 255, in __init__
    (code, msg) = self.connect(host, port)
                  ^^^^^^^^^^^^^^^^^^^^^^^^
  File "/usr/local/lib/python3.11/smtplib.py", line 341, in connect
    self.sock = self._get_socket(host, port, self.timeout)
                ^^^^^^^^^^^^^^^^^^^^^^^^^^^^^^^^^^^^^^^^^^
  File "/usr/local/lib/python3.11/smtplib.py", line 312, in _get_socket
    return socket.create_connection((host, port), timeout,
           ^^^^^^^^^^^^^^^^^^^^^^^^^^^^^^^^^^^^^^^^^^^^^^^
  File "/usr/local/lib/python3.11/socket.py", line 851, in create_connection
    raise exceptions[0]
  File "/usr/local/lib/python3.11/socket.py", line 836, in create_connection
    sock.connect(sa)
ConnectionRefusedError: [Errno 111] Connection refused

During handling of the above exception, another exception occurred:

Traceback (most recent call last):
  File "/home/airflow/.local/lib/python3.11/site-packages/airflow/models/taskinstance.py", line 877, in _handle_failure
    task_instance.email_alert(error, failure_context["task"])
  File "/home/airflow/.local/lib/python3.11/site-packages/airflow/models/taskinstance.py", line 3163, in email_alert
    _email_alert(task_instance=self, exception=exception, task=task)
  File "/home/airflow/.local/lib/python3.11/site-packages/airflow/models/taskinstance.py", line 1065, in _email_alert
    send_email(task.email, subject, html_content_err)
  File "/home/airflow/.local/lib/python3.11/site-packages/airflow/utils/email.py", line 80, in send_email
    return backend(
           ^^^^^^^^
  File "/home/airflow/.local/lib/python3.11/site-packages/airflow/utils/email.py", line 154, in send_email_smtp
    send_mime_email(e_from=mail_from, e_to=recipients, mime_msg=msg, conn_id=conn_id, dryrun=dryrun)
  File "/home/airflow/.local/lib/python3.11/site-packages/airflow/utils/email.py", line 273, in send_mime_email
    smtp_conn = _get_smtp_connection(smtp_host, smtp_port, smtp_timeout, smtp_ssl)
                ^^^^^^^^^^^^^^^^^^^^^^^^^^^^^^^^^^^^^^^^^^^^^^^^^^^^^^^^^^^^^^^^^^
  File "/home/airflow/.local/lib/python3.11/site-packages/airflow/utils/email.py", line 317, in _get_smtp_connection
    return smtplib.SMTP(host=host, port=port, timeout=timeout)
           ^^^^^^^^^^^^^^^^^^^^^^^^^^^^^^^^^^^^^^^^^^^^^^^^^^^
  File "/usr/local/lib/python3.11/smtplib.py", line 255, in __init__
    (code, msg) = self.connect(host, port)
                  ^^^^^^^^^^^^^^^^^^^^^^^^
  File "/usr/local/lib/python3.11/smtplib.py", line 341, in connect
    self.sock = self._get_socket(host, port, self.timeout)
                ^^^^^^^^^^^^^^^^^^^^^^^^^^^^^^^^^^^^^^^^^^
  File "/usr/local/lib/python3.11/smtplib.py", line 312, in _get_socket
    return socket.create_connection((host, port), timeout,
           ^^^^^^^^^^^^^^^^^^^^^^^^^^^^^^^^^^^^^^^^^^^^^^^
  File "/usr/local/lib/python3.11/socket.py", line 851, in create_connection
    raise exceptions[0]
  File "/usr/local/lib/python3.11/socket.py", line 836, in create_connection
    sock.connect(sa)
ConnectionRefusedError: [Errno 111] Connection refused
[2026-06-11T18:11:48.569+0000] {standard_task_runner.py:110} ERROR - Failed to execute job 2 for task ingest_bronze (Bash command failed. The command returned a non-zero exit code 1.; 265)
[2026-06-11T18:11:48.614+0000] {local_task_job_runner.py:243} INFO - Task exited with return code 1
[2026-06-11T18:11:48.635+0000] {taskinstance.py:3503} INFO - 0 downstream tasks scheduled from follow-on schedule check
[2026-06-11T18:11:48.638+0000] {local_task_job_runner.py:222} INFO - ::endgroup::
