[2026-06-11T18:10:03.336+0000] {processor.py:161} INFO - Started process (PID=183) to work on /opt/airflow/dags/cdc_daily_dag.py
[2026-06-11T18:10:03.338+0000] {processor.py:830} INFO - Processing file /opt/airflow/dags/cdc_daily_dag.py for tasks to queue
[2026-06-11T18:10:03.340+0000] {logging_mixin.py:188} INFO - [2026-06-11T18:10:03.339+0000] {dagbag.py:545} INFO - Filling up the DagBag from /opt/airflow/dags/cdc_daily_dag.py
[2026-06-11T18:10:03.445+0000] {processor.py:840} INFO - DAG(s) 'ecommerce_cdc_daily' retrieved from /opt/airflow/dags/cdc_daily_dag.py
[2026-06-11T18:10:03.706+0000] {logging_mixin.py:188} INFO - [2026-06-11T18:10:03.705+0000] {override.py:1858} INFO - Created Permission View: can read on DAG:ecommerce_cdc_daily
[2026-06-11T18:10:03.713+0000] {logging_mixin.py:188} INFO - [2026-06-11T18:10:03.713+0000] {override.py:1858} INFO - Created Permission View: can delete on DAG:ecommerce_cdc_daily
[2026-06-11T18:10:03.720+0000] {logging_mixin.py:188} INFO - [2026-06-11T18:10:03.720+0000] {override.py:1858} INFO - Created Permission View: can edit on DAG:ecommerce_cdc_daily
[2026-06-11T18:10:03.721+0000] {logging_mixin.py:188} INFO - [2026-06-11T18:10:03.721+0000] {dag.py:3089} INFO - Sync 1 DAGs
[2026-06-11T18:10:03.845+0000] {logging_mixin.py:188} INFO - [2026-06-11T18:10:03.845+0000] {dag.py:3111} INFO - Creating ORM DAG for ecommerce_cdc_daily
[2026-06-11T18:10:03.853+0000] {logging_mixin.py:188} INFO - [2026-06-11T18:10:03.852+0000] {dag.py:3947} INFO - Setting next_dagrun for ecommerce_cdc_daily to 2026-06-10 05:00:00+00:00, run_after=2026-06-11 05:00:00+00:00
[2026-06-11T18:10:03.873+0000] {processor.py:183} INFO - Processing /opt/airflow/dags/cdc_daily_dag.py took 0.542 seconds
[2026-06-11T18:10:34.560+0000] {processor.py:161} INFO - Started process (PID=198) to work on /opt/airflow/dags/cdc_daily_dag.py
[2026-06-11T18:10:34.561+0000] {processor.py:830} INFO - Processing file /opt/airflow/dags/cdc_daily_dag.py for tasks to queue
[2026-06-11T18:10:34.563+0000] {logging_mixin.py:188} INFO - [2026-06-11T18:10:34.562+0000] {dagbag.py:545} INFO - Filling up the DagBag from /opt/airflow/dags/cdc_daily_dag.py
[2026-06-11T18:10:34.598+0000] {processor.py:840} INFO - DAG(s) 'ecommerce_cdc_daily' retrieved from /opt/airflow/dags/cdc_daily_dag.py
[2026-06-11T18:10:34.666+0000] {logging_mixin.py:188} INFO - [2026-06-11T18:10:34.666+0000] {dag.py:3089} INFO - Sync 1 DAGs
[2026-06-11T18:10:34.682+0000] {logging_mixin.py:188} INFO - [2026-06-11T18:10:34.682+0000] {dag.py:3947} INFO - Setting next_dagrun for ecommerce_cdc_daily to 2026-06-10 05:00:00+00:00, run_after=2026-06-11 05:00:00+00:00
[2026-06-11T18:10:34.714+0000] {processor.py:183} INFO - Processing /opt/airflow/dags/cdc_daily_dag.py took 0.159 seconds
[2026-06-11T18:11:05.256+0000] {processor.py:161} INFO - Started process (PID=213) to work on /opt/airflow/dags/cdc_daily_dag.py
[2026-06-11T18:11:05.257+0000] {processor.py:830} INFO - Processing file /opt/airflow/dags/cdc_daily_dag.py for tasks to queue
[2026-06-11T18:11:05.259+0000] {logging_mixin.py:188} INFO - [2026-06-11T18:11:05.259+0000] {dagbag.py:545} INFO - Filling up the DagBag from /opt/airflow/dags/cdc_daily_dag.py
[2026-06-11T18:11:05.305+0000] {processor.py:840} INFO - DAG(s) 'ecommerce_cdc_daily' retrieved from /opt/airflow/dags/cdc_daily_dag.py
[2026-06-11T18:11:05.352+0000] {logging_mixin.py:188} INFO - [2026-06-11T18:11:05.352+0000] {dag.py:3089} INFO - Sync 1 DAGs
[2026-06-11T18:11:05.368+0000] {logging_mixin.py:188} INFO - [2026-06-11T18:11:05.367+0000] {dag.py:3947} INFO - Setting next_dagrun for ecommerce_cdc_daily to 2026-06-10 05:00:00+00:00, run_after=2026-06-11 05:00:00+00:00
[2026-06-11T18:11:05.384+0000] {processor.py:183} INFO - Processing /opt/airflow/dags/cdc_daily_dag.py took 0.133 seconds
[2026-06-11T18:11:35.762+0000] {processor.py:161} INFO - Started process (PID=240) to work on /opt/airflow/dags/cdc_daily_dag.py
[2026-06-11T18:11:35.763+0000] {processor.py:830} INFO - Processing file /opt/airflow/dags/cdc_daily_dag.py for tasks to queue
[2026-06-11T18:11:35.765+0000] {logging_mixin.py:188} INFO - [2026-06-11T18:11:35.765+0000] {dagbag.py:545} INFO - Filling up the DagBag from /opt/airflow/dags/cdc_daily_dag.py
[2026-06-11T18:11:35.803+0000] {processor.py:840} INFO - DAG(s) 'ecommerce_cdc_daily' retrieved from /opt/airflow/dags/cdc_daily_dag.py
[2026-06-11T18:11:35.862+0000] {logging_mixin.py:188} INFO - [2026-06-11T18:11:35.862+0000] {dag.py:3089} INFO - Sync 1 DAGs
[2026-06-11T18:11:35.879+0000] {logging_mixin.py:188} INFO - [2026-06-11T18:11:35.879+0000] {dag.py:3947} INFO - Setting next_dagrun for ecommerce_cdc_daily to 2026-06-10 05:00:00+00:00, run_after=2026-06-11 05:00:00+00:00
[2026-06-11T18:11:35.900+0000] {processor.py:183} INFO - Processing /opt/airflow/dags/cdc_daily_dag.py took 0.145 seconds
[2026-06-11T18:12:06.936+0000] {processor.py:161} INFO - Started process (PID=351) to work on /opt/airflow/dags/cdc_daily_dag.py
[2026-06-11T18:12:06.938+0000] {processor.py:830} INFO - Processing file /opt/airflow/dags/cdc_daily_dag.py for tasks to queue
[2026-06-11T18:12:06.940+0000] {logging_mixin.py:188} INFO - [2026-06-11T18:12:06.940+0000] {dagbag.py:545} INFO - Filling up the DagBag from /opt/airflow/dags/cdc_daily_dag.py
[2026-06-11T18:12:07.004+0000] {processor.py:840} INFO - DAG(s) 'ecommerce_cdc_daily' retrieved from /opt/airflow/dags/cdc_daily_dag.py
[2026-06-11T18:12:07.084+0000] {logging_mixin.py:188} INFO - [2026-06-11T18:12:07.083+0000] {dag.py:3089} INFO - Sync 1 DAGs
[2026-06-11T18:12:07.107+0000] {logging_mixin.py:188} INFO - [2026-06-11T18:12:07.107+0000] {dag.py:3947} INFO - Setting next_dagrun for ecommerce_cdc_daily to 2026-06-10 05:00:00+00:00, run_after=2026-06-11 05:00:00+00:00
[2026-06-11T18:12:07.128+0000] {processor.py:183} INFO - Processing /opt/airflow/dags/cdc_daily_dag.py took 0.196 seconds
[2026-06-11T18:12:37.230+0000] {processor.py:161} INFO - Started process (PID=363) to work on /opt/airflow/dags/cdc_daily_dag.py
[2026-06-11T18:12:37.231+0000] {processor.py:830} INFO - Processing file /opt/airflow/dags/cdc_daily_dag.py for tasks to queue
[2026-06-11T18:12:37.233+0000] {logging_mixin.py:188} INFO - [2026-06-11T18:12:37.233+0000] {dagbag.py:545} INFO - Filling up the DagBag from /opt/airflow/dags/cdc_daily_dag.py
[2026-06-11T18:12:37.287+0000] {processor.py:840} INFO - DAG(s) 'ecommerce_cdc_daily' retrieved from /opt/airflow/dags/cdc_daily_dag.py
[2026-06-11T18:12:37.367+0000] {logging_mixin.py:188} INFO - [2026-06-11T18:12:37.366+0000] {dag.py:3089} INFO - Sync 1 DAGs
[2026-06-11T18:12:37.511+0000] {logging_mixin.py:188} INFO - [2026-06-11T18:12:37.510+0000] {dag.py:3947} INFO - Setting next_dagrun for ecommerce_cdc_daily to 2026-06-10 05:00:00+00:00, run_after=2026-06-11 05:00:00+00:00
[2026-06-11T18:12:37.525+0000] {processor.py:183} INFO - Processing /opt/airflow/dags/cdc_daily_dag.py took 0.299 seconds
[2026-06-11T18:13:08.485+0000] {processor.py:161} INFO - Started process (PID=381) to work on /opt/airflow/dags/cdc_daily_dag.py
[2026-06-11T18:13:08.487+0000] {processor.py:830} INFO - Processing file /opt/airflow/dags/cdc_daily_dag.py for tasks to queue
[2026-06-11T18:13:08.492+0000] {logging_mixin.py:188} INFO - [2026-06-11T18:13:08.492+0000] {dagbag.py:545} INFO - Filling up the DagBag from /opt/airflow/dags/cdc_daily_dag.py
[2026-06-11T18:13:08.587+0000] {processor.py:840} INFO - DAG(s) 'ecommerce_cdc_daily' retrieved from /opt/airflow/dags/cdc_daily_dag.py
[2026-06-11T18:13:08.761+0000] {logging_mixin.py:188} INFO - [2026-06-11T18:13:08.761+0000] {dag.py:3089} INFO - Sync 1 DAGs
[2026-06-11T18:13:08.773+0000] {logging_mixin.py:188} INFO - [2026-06-11T18:13:08.773+0000] {dag.py:3947} INFO - Setting next_dagrun for ecommerce_cdc_daily to 2026-06-10 05:00:00+00:00, run_after=2026-06-11 05:00:00+00:00
[2026-06-11T18:13:08.785+0000] {processor.py:183} INFO - Processing /opt/airflow/dags/cdc_daily_dag.py took 0.306 seconds
[2026-06-11T18:13:40.071+0000] {processor.py:161} INFO - Started process (PID=396) to work on /opt/airflow/dags/cdc_daily_dag.py
[2026-06-11T18:13:40.072+0000] {processor.py:830} INFO - Processing file /opt/airflow/dags/cdc_daily_dag.py for tasks to queue
[2026-06-11T18:13:40.078+0000] {logging_mixin.py:188} INFO - [2026-06-11T18:13:40.077+0000] {dagbag.py:545} INFO - Filling up the DagBag from /opt/airflow/dags/cdc_daily_dag.py
[2026-06-11T18:13:40.129+0000] {processor.py:840} INFO - DAG(s) 'ecommerce_cdc_daily' retrieved from /opt/airflow/dags/cdc_daily_dag.py
[2026-06-11T18:13:40.206+0000] {logging_mixin.py:188} INFO - [2026-06-11T18:13:40.206+0000] {dag.py:3089} INFO - Sync 1 DAGs
[2026-06-11T18:13:40.234+0000] {logging_mixin.py:188} INFO - [2026-06-11T18:13:40.233+0000] {dag.py:3947} INFO - Setting next_dagrun for ecommerce_cdc_daily to 2026-06-10 05:00:00+00:00, run_after=2026-06-11 05:00:00+00:00
[2026-06-11T18:13:40.261+0000] {processor.py:183} INFO - Processing /opt/airflow/dags/cdc_daily_dag.py took 0.200 seconds
[2026-06-11T18:14:10.950+0000] {processor.py:161} INFO - Started process (PID=411) to work on /opt/airflow/dags/cdc_daily_dag.py
[2026-06-11T18:14:10.952+0000] {processor.py:830} INFO - Processing file /opt/airflow/dags/cdc_daily_dag.py for tasks to queue
[2026-06-11T18:14:10.954+0000] {logging_mixin.py:188} INFO - [2026-06-11T18:14:10.954+0000] {dagbag.py:545} INFO - Filling up the DagBag from /opt/airflow/dags/cdc_daily_dag.py
[2026-06-11T18:14:11.007+0000] {processor.py:840} INFO - DAG(s) 'ecommerce_cdc_daily' retrieved from /opt/airflow/dags/cdc_daily_dag.py
[2026-06-11T18:14:11.080+0000] {logging_mixin.py:188} INFO - [2026-06-11T18:14:11.080+0000] {dag.py:3089} INFO - Sync 1 DAGs
[2026-06-11T18:14:11.099+0000] {logging_mixin.py:188} INFO - [2026-06-11T18:14:11.099+0000] {dag.py:3947} INFO - Setting next_dagrun for ecommerce_cdc_daily to 2026-06-10 05:00:00+00:00, run_after=2026-06-11 05:00:00+00:00
[2026-06-11T18:14:11.117+0000] {processor.py:183} INFO - Processing /opt/airflow/dags/cdc_daily_dag.py took 0.173 seconds
[2026-06-11T18:14:42.105+0000] {processor.py:161} INFO - Started process (PID=432) to work on /opt/airflow/dags/cdc_daily_dag.py
[2026-06-11T18:14:42.106+0000] {processor.py:830} INFO - Processing file /opt/airflow/dags/cdc_daily_dag.py for tasks to queue
[2026-06-11T18:14:42.108+0000] {logging_mixin.py:188} INFO - [2026-06-11T18:14:42.107+0000] {dagbag.py:545} INFO - Filling up the DagBag from /opt/airflow/dags/cdc_daily_dag.py
[2026-06-11T18:14:42.137+0000] {processor.py:840} INFO - DAG(s) 'ecommerce_cdc_daily' retrieved from /opt/airflow/dags/cdc_daily_dag.py
[2026-06-11T18:14:42.195+0000] {logging_mixin.py:188} INFO - [2026-06-11T18:14:42.195+0000] {dag.py:3089} INFO - Sync 1 DAGs
[2026-06-11T18:14:42.211+0000] {logging_mixin.py:188} INFO - [2026-06-11T18:14:42.210+0000] {dag.py:3947} INFO - Setting next_dagrun for ecommerce_cdc_daily to 2026-06-10 05:00:00+00:00, run_after=2026-06-11 05:00:00+00:00
[2026-06-11T18:14:42.226+0000] {processor.py:183} INFO - Processing /opt/airflow/dags/cdc_daily_dag.py took 0.127 seconds
[2026-06-11T18:15:12.493+0000] {processor.py:161} INFO - Started process (PID=459) to work on /opt/airflow/dags/cdc_daily_dag.py
[2026-06-11T18:15:12.496+0000] {processor.py:830} INFO - Processing file /opt/airflow/dags/cdc_daily_dag.py for tasks to queue
[2026-06-11T18:15:12.499+0000] {logging_mixin.py:188} INFO - [2026-06-11T18:15:12.499+0000] {dagbag.py:545} INFO - Filling up the DagBag from /opt/airflow/dags/cdc_daily_dag.py
[2026-06-11T18:15:12.595+0000] {processor.py:840} INFO - DAG(s) 'ecommerce_cdc_daily' retrieved from /opt/airflow/dags/cdc_daily_dag.py
[2026-06-11T18:15:12.757+0000] {logging_mixin.py:188} INFO - [2026-06-11T18:15:12.757+0000] {dag.py:3089} INFO - Sync 1 DAGs
[2026-06-11T18:15:12.773+0000] {logging_mixin.py:188} INFO - [2026-06-11T18:15:12.773+0000] {dag.py:3947} INFO - Setting next_dagrun for ecommerce_cdc_daily to 2026-06-10 05:00:00+00:00, run_after=2026-06-11 05:00:00+00:00
[2026-06-11T18:15:12.798+0000] {processor.py:183} INFO - Processing /opt/airflow/dags/cdc_daily_dag.py took 0.309 seconds
[2026-06-11T18:15:43.656+0000] {processor.py:161} INFO - Started process (PID=480) to work on /opt/airflow/dags/cdc_daily_dag.py
[2026-06-11T18:15:43.658+0000] {processor.py:830} INFO - Processing file /opt/airflow/dags/cdc_daily_dag.py for tasks to queue
[2026-06-11T18:15:43.660+0000] {logging_mixin.py:188} INFO - [2026-06-11T18:15:43.660+0000] {dagbag.py:545} INFO - Filling up the DagBag from /opt/airflow/dags/cdc_daily_dag.py
[2026-06-11T18:15:43.720+0000] {processor.py:840} INFO - DAG(s) 'ecommerce_cdc_daily' retrieved from /opt/airflow/dags/cdc_daily_dag.py
[2026-06-11T18:15:43.791+0000] {logging_mixin.py:188} INFO - [2026-06-11T18:15:43.790+0000] {dag.py:3089} INFO - Sync 1 DAGs
[2026-06-11T18:15:43.806+0000] {logging_mixin.py:188} INFO - [2026-06-11T18:15:43.806+0000] {dag.py:3947} INFO - Setting next_dagrun for ecommerce_cdc_daily to 2026-06-10 05:00:00+00:00, run_after=2026-06-11 05:00:00+00:00
[2026-06-11T18:15:43.822+0000] {processor.py:183} INFO - Processing /opt/airflow/dags/cdc_daily_dag.py took 0.172 seconds
[2026-06-11T18:16:13.881+0000] {processor.py:161} INFO - Started process (PID=504) to work on /opt/airflow/dags/cdc_daily_dag.py
[2026-06-11T18:16:13.882+0000] {processor.py:830} INFO - Processing file /opt/airflow/dags/cdc_daily_dag.py for tasks to queue
[2026-06-11T18:16:13.884+0000] {logging_mixin.py:188} INFO - [2026-06-11T18:16:13.884+0000] {dagbag.py:545} INFO - Filling up the DagBag from /opt/airflow/dags/cdc_daily_dag.py
[2026-06-11T18:16:13.924+0000] {processor.py:840} INFO - DAG(s) 'ecommerce_cdc_daily' retrieved from /opt/airflow/dags/cdc_daily_dag.py
[2026-06-11T18:16:13.971+0000] {logging_mixin.py:188} INFO - [2026-06-11T18:16:13.971+0000] {dag.py:3089} INFO - Sync 1 DAGs
[2026-06-11T18:16:13.985+0000] {logging_mixin.py:188} INFO - [2026-06-11T18:16:13.985+0000] {dag.py:3947} INFO - Setting next_dagrun for ecommerce_cdc_daily to 2026-06-10 05:00:00+00:00, run_after=2026-06-11 05:00:00+00:00
[2026-06-11T18:16:14.001+0000] {processor.py:183} INFO - Processing /opt/airflow/dags/cdc_daily_dag.py took 0.124 seconds
[2026-06-11T18:16:44.108+0000] {processor.py:161} INFO - Started process (PID=531) to work on /opt/airflow/dags/cdc_daily_dag.py
[2026-06-11T18:16:44.108+0000] {processor.py:830} INFO - Processing file /opt/airflow/dags/cdc_daily_dag.py for tasks to queue
[2026-06-11T18:16:44.110+0000] {logging_mixin.py:188} INFO - [2026-06-11T18:16:44.110+0000] {dagbag.py:545} INFO - Filling up the DagBag from /opt/airflow/dags/cdc_daily_dag.py
[2026-06-11T18:16:44.146+0000] {processor.py:840} INFO - DAG(s) 'ecommerce_cdc_daily' retrieved from /opt/airflow/dags/cdc_daily_dag.py
[2026-06-11T18:16:44.201+0000] {logging_mixin.py:188} INFO - [2026-06-11T18:16:44.201+0000] {dag.py:3089} INFO - Sync 1 DAGs
[2026-06-11T18:16:44.220+0000] {logging_mixin.py:188} INFO - [2026-06-11T18:16:44.220+0000] {dag.py:3947} INFO - Setting next_dagrun for ecommerce_cdc_daily to 2026-06-10 05:00:00+00:00, run_after=2026-06-11 05:00:00+00:00
[2026-06-11T18:16:44.240+0000] {processor.py:183} INFO - Processing /opt/airflow/dags/cdc_daily_dag.py took 0.137 seconds
[2026-06-11T18:17:14.440+0000] {processor.py:161} INFO - Started process (PID=558) to work on /opt/airflow/dags/cdc_daily_dag.py
[2026-06-11T18:17:14.442+0000] {processor.py:830} INFO - Processing file /opt/airflow/dags/cdc_daily_dag.py for tasks to queue
[2026-06-11T18:17:14.445+0000] {logging_mixin.py:188} INFO - [2026-06-11T18:17:14.444+0000] {dagbag.py:545} INFO - Filling up the DagBag from /opt/airflow/dags/cdc_daily_dag.py
[2026-06-11T18:17:14.508+0000] {processor.py:840} INFO - DAG(s) 'ecommerce_cdc_daily' retrieved from /opt/airflow/dags/cdc_daily_dag.py
[2026-06-11T18:17:14.599+0000] {logging_mixin.py:188} INFO - [2026-06-11T18:17:14.598+0000] {dag.py:3089} INFO - Sync 1 DAGs
[2026-06-11T18:17:14.623+0000] {logging_mixin.py:188} INFO - [2026-06-11T18:17:14.622+0000] {dag.py:3947} INFO - Setting next_dagrun for ecommerce_cdc_daily to 2026-06-10 05:00:00+00:00, run_after=2026-06-11 05:00:00+00:00
[2026-06-11T18:17:14.644+0000] {processor.py:183} INFO - Processing /opt/airflow/dags/cdc_daily_dag.py took 0.210 seconds
[2026-06-11T18:17:44.745+0000] {processor.py:161} INFO - Started process (PID=579) to work on /opt/airflow/dags/cdc_daily_dag.py
[2026-06-11T18:17:44.746+0000] {processor.py:830} INFO - Processing file /opt/airflow/dags/cdc_daily_dag.py for tasks to queue
[2026-06-11T18:17:44.749+0000] {logging_mixin.py:188} INFO - [2026-06-11T18:17:44.748+0000] {dagbag.py:545} INFO - Filling up the DagBag from /opt/airflow/dags/cdc_daily_dag.py
[2026-06-11T18:17:44.807+0000] {processor.py:840} INFO - DAG(s) 'ecommerce_cdc_daily' retrieved from /opt/airflow/dags/cdc_daily_dag.py
[2026-06-11T18:17:44.888+0000] {logging_mixin.py:188} INFO - [2026-06-11T18:17:44.888+0000] {dag.py:3089} INFO - Sync 1 DAGs
[2026-06-11T18:17:44.903+0000] {logging_mixin.py:188} INFO - [2026-06-11T18:17:44.903+0000] {dag.py:3947} INFO - Setting next_dagrun for ecommerce_cdc_daily to 2026-06-10 05:00:00+00:00, run_after=2026-06-11 05:00:00+00:00
[2026-06-11T18:17:44.935+0000] {processor.py:183} INFO - Processing /opt/airflow/dags/cdc_daily_dag.py took 0.197 seconds
[2026-06-11T18:18:15.030+0000] {processor.py:161} INFO - Started process (PID=611) to work on /opt/airflow/dags/cdc_daily_dag.py
[2026-06-11T18:18:15.032+0000] {processor.py:830} INFO - Processing file /opt/airflow/dags/cdc_daily_dag.py for tasks to queue
[2026-06-11T18:18:15.034+0000] {logging_mixin.py:188} INFO - [2026-06-11T18:18:15.034+0000] {dagbag.py:545} INFO - Filling up the DagBag from /opt/airflow/dags/cdc_daily_dag.py
[2026-06-11T18:18:15.120+0000] {processor.py:840} INFO - DAG(s) 'ecommerce_cdc_daily' retrieved from /opt/airflow/dags/cdc_daily_dag.py
[2026-06-11T18:18:15.191+0000] {logging_mixin.py:188} INFO - [2026-06-11T18:18:15.191+0000] {dag.py:3089} INFO - Sync 1 DAGs
[2026-06-11T18:18:15.206+0000] {logging_mixin.py:188} INFO - [2026-06-11T18:18:15.206+0000] {dag.py:3947} INFO - Setting next_dagrun for ecommerce_cdc_daily to 2026-06-10 05:00:00+00:00, run_after=2026-06-11 05:00:00+00:00
[2026-06-11T18:18:15.227+0000] {processor.py:183} INFO - Processing /opt/airflow/dags/cdc_daily_dag.py took 0.201 seconds
[2026-06-11T18:18:46.064+0000] {processor.py:161} INFO - Started process (PID=638) to work on /opt/airflow/dags/cdc_daily_dag.py
[2026-06-11T18:18:46.064+0000] {processor.py:830} INFO - Processing file /opt/airflow/dags/cdc_daily_dag.py for tasks to queue
[2026-06-11T18:18:46.066+0000] {logging_mixin.py:188} INFO - [2026-06-11T18:18:46.066+0000] {dagbag.py:545} INFO - Filling up the DagBag from /opt/airflow/dags/cdc_daily_dag.py
[2026-06-11T18:18:46.087+0000] {processor.py:840} INFO - DAG(s) 'ecommerce_cdc_daily' retrieved from /opt/airflow/dags/cdc_daily_dag.py
[2026-06-11T18:18:46.131+0000] {logging_mixin.py:188} INFO - [2026-06-11T18:18:46.131+0000] {dag.py:3089} INFO - Sync 1 DAGs
[2026-06-11T18:18:46.150+0000] {logging_mixin.py:188} INFO - [2026-06-11T18:18:46.150+0000] {dag.py:3947} INFO - Setting next_dagrun for ecommerce_cdc_daily to 2026-06-10 05:00:00+00:00, run_after=2026-06-11 05:00:00+00:00
[2026-06-11T18:18:46.167+0000] {processor.py:183} INFO - Processing /opt/airflow/dags/cdc_daily_dag.py took 0.107 seconds
[2026-06-11T18:19:16.646+0000] {processor.py:161} INFO - Started process (PID=665) to work on /opt/airflow/dags/cdc_daily_dag.py
[2026-06-11T18:19:16.648+0000] {processor.py:830} INFO - Processing file /opt/airflow/dags/cdc_daily_dag.py for tasks to queue
[2026-06-11T18:19:16.650+0000] {logging_mixin.py:188} INFO - [2026-06-11T18:19:16.649+0000] {dagbag.py:545} INFO - Filling up the DagBag from /opt/airflow/dags/cdc_daily_dag.py
[2026-06-11T18:19:16.707+0000] {processor.py:840} INFO - DAG(s) 'ecommerce_cdc_daily' retrieved from /opt/airflow/dags/cdc_daily_dag.py
[2026-06-11T18:19:16.750+0000] {logging_mixin.py:188} INFO - [2026-06-11T18:19:16.749+0000] {dag.py:3089} INFO - Sync 1 DAGs
[2026-06-11T18:19:16.764+0000] {logging_mixin.py:188} INFO - [2026-06-11T18:19:16.764+0000] {dag.py:3947} INFO - Setting next_dagrun for ecommerce_cdc_daily to 2026-06-10 05:00:00+00:00, run_after=2026-06-11 05:00:00+00:00
[2026-06-11T18:19:16.783+0000] {processor.py:183} INFO - Processing /opt/airflow/dags/cdc_daily_dag.py took 0.141 seconds
[2026-06-11T18:19:47.413+0000] {processor.py:161} INFO - Started process (PID=686) to work on /opt/airflow/dags/cdc_daily_dag.py
[2026-06-11T18:19:47.414+0000] {processor.py:830} INFO - Processing file /opt/airflow/dags/cdc_daily_dag.py for tasks to queue
[2026-06-11T18:19:47.416+0000] {logging_mixin.py:188} INFO - [2026-06-11T18:19:47.416+0000] {dagbag.py:545} INFO - Filling up the DagBag from /opt/airflow/dags/cdc_daily_dag.py
[2026-06-11T18:19:47.568+0000] {processor.py:840} INFO - DAG(s) 'ecommerce_cdc_daily' retrieved from /opt/airflow/dags/cdc_daily_dag.py
[2026-06-11T18:19:47.752+0000] {logging_mixin.py:188} INFO - [2026-06-11T18:19:47.752+0000] {dag.py:3089} INFO - Sync 1 DAGs
[2026-06-11T18:19:47.767+0000] {logging_mixin.py:188} INFO - [2026-06-11T18:19:47.767+0000] {dag.py:3947} INFO - Setting next_dagrun for ecommerce_cdc_daily to 2026-06-10 05:00:00+00:00, run_after=2026-06-11 05:00:00+00:00
[2026-06-11T18:19:47.787+0000] {processor.py:183} INFO - Processing /opt/airflow/dags/cdc_daily_dag.py took 0.378 seconds
[2026-06-11T18:20:17.904+0000] {processor.py:161} INFO - Started process (PID=768) to work on /opt/airflow/dags/cdc_daily_dag.py
[2026-06-11T18:20:17.905+0000] {processor.py:830} INFO - Processing file /opt/airflow/dags/cdc_daily_dag.py for tasks to queue
[2026-06-11T18:20:17.907+0000] {logging_mixin.py:188} INFO - [2026-06-11T18:20:17.906+0000] {dagbag.py:545} INFO - Filling up the DagBag from /opt/airflow/dags/cdc_daily_dag.py
[2026-06-11T18:20:17.927+0000] {processor.py:840} INFO - DAG(s) 'ecommerce_cdc_daily' retrieved from /opt/airflow/dags/cdc_daily_dag.py
[2026-06-11T18:20:17.967+0000] {logging_mixin.py:188} INFO - [2026-06-11T18:20:17.967+0000] {dag.py:3089} INFO - Sync 1 DAGs
[2026-06-11T18:20:17.981+0000] {logging_mixin.py:188} INFO - [2026-06-11T18:20:17.981+0000] {dag.py:3947} INFO - Setting next_dagrun for ecommerce_cdc_daily to 2026-06-10 05:00:00+00:00, run_after=2026-06-11 05:00:00+00:00
[2026-06-11T18:20:17.997+0000] {processor.py:183} INFO - Processing /opt/airflow/dags/cdc_daily_dag.py took 0.097 seconds
[2026-06-11T18:20:48.291+0000] {processor.py:161} INFO - Started process (PID=795) to work on /opt/airflow/dags/cdc_daily_dag.py
[2026-06-11T18:20:48.294+0000] {processor.py:830} INFO - Processing file /opt/airflow/dags/cdc_daily_dag.py for tasks to queue
[2026-06-11T18:20:48.298+0000] {logging_mixin.py:188} INFO - [2026-06-11T18:20:48.298+0000] {dagbag.py:545} INFO - Filling up the DagBag from /opt/airflow/dags/cdc_daily_dag.py
[2026-06-11T18:20:48.456+0000] {processor.py:840} INFO - DAG(s) 'ecommerce_cdc_daily' retrieved from /opt/airflow/dags/cdc_daily_dag.py
[2026-06-11T18:20:48.592+0000] {logging_mixin.py:188} INFO - [2026-06-11T18:20:48.592+0000] {dag.py:3089} INFO - Sync 1 DAGs
[2026-06-11T18:20:48.610+0000] {logging_mixin.py:188} INFO - [2026-06-11T18:20:48.610+0000] {dag.py:3947} INFO - Setting next_dagrun for ecommerce_cdc_daily to 2026-06-10 05:00:00+00:00, run_after=2026-06-11 05:00:00+00:00
[2026-06-11T18:20:48.634+0000] {processor.py:183} INFO - Processing /opt/airflow/dags/cdc_daily_dag.py took 0.347 seconds
[2026-06-11T18:21:18.838+0000] {processor.py:161} INFO - Started process (PID=822) to work on /opt/airflow/dags/cdc_daily_dag.py
[2026-06-11T18:21:18.841+0000] {processor.py:830} INFO - Processing file /opt/airflow/dags/cdc_daily_dag.py for tasks to queue
[2026-06-11T18:21:18.843+0000] {logging_mixin.py:188} INFO - [2026-06-11T18:21:18.843+0000] {dagbag.py:545} INFO - Filling up the DagBag from /opt/airflow/dags/cdc_daily_dag.py
[2026-06-11T18:21:18.961+0000] {processor.py:840} INFO - DAG(s) 'ecommerce_cdc_daily' retrieved from /opt/airflow/dags/cdc_daily_dag.py
[2026-06-11T18:21:19.135+0000] {logging_mixin.py:188} INFO - [2026-06-11T18:21:19.135+0000] {dag.py:3089} INFO - Sync 1 DAGs
[2026-06-11T18:21:19.157+0000] {logging_mixin.py:188} INFO - [2026-06-11T18:21:19.157+0000] {dag.py:3947} INFO - Setting next_dagrun for ecommerce_cdc_daily to 2026-06-10 05:00:00+00:00, run_after=2026-06-11 05:00:00+00:00
[2026-06-11T18:21:19.180+0000] {processor.py:183} INFO - Processing /opt/airflow/dags/cdc_daily_dag.py took 0.347 seconds
[2026-06-11T18:21:49.661+0000] {processor.py:161} INFO - Started process (PID=843) to work on /opt/airflow/dags/cdc_daily_dag.py
[2026-06-11T18:21:49.662+0000] {processor.py:830} INFO - Processing file /opt/airflow/dags/cdc_daily_dag.py for tasks to queue
[2026-06-11T18:21:49.663+0000] {logging_mixin.py:188} INFO - [2026-06-11T18:21:49.663+0000] {dagbag.py:545} INFO - Filling up the DagBag from /opt/airflow/dags/cdc_daily_dag.py
[2026-06-11T18:21:49.684+0000] {processor.py:840} INFO - DAG(s) 'ecommerce_cdc_daily' retrieved from /opt/airflow/dags/cdc_daily_dag.py
[2026-06-11T18:21:49.725+0000] {logging_mixin.py:188} INFO - [2026-06-11T18:21:49.725+0000] {dag.py:3089} INFO - Sync 1 DAGs
[2026-06-11T18:21:49.740+0000] {logging_mixin.py:188} INFO - [2026-06-11T18:21:49.739+0000] {dag.py:3947} INFO - Setting next_dagrun for ecommerce_cdc_daily to 2026-06-10 05:00:00+00:00, run_after=2026-06-11 05:00:00+00:00
[2026-06-11T18:21:49.755+0000] {processor.py:183} INFO - Processing /opt/airflow/dags/cdc_daily_dag.py took 0.099 seconds
[2026-06-11T18:22:19.929+0000] {processor.py:161} INFO - Started process (PID=870) to work on /opt/airflow/dags/cdc_daily_dag.py
[2026-06-11T18:22:19.931+0000] {processor.py:830} INFO - Processing file /opt/airflow/dags/cdc_daily_dag.py for tasks to queue
[2026-06-11T18:22:19.934+0000] {logging_mixin.py:188} INFO - [2026-06-11T18:22:19.933+0000] {dagbag.py:545} INFO - Filling up the DagBag from /opt/airflow/dags/cdc_daily_dag.py
[2026-06-11T18:22:20.001+0000] {processor.py:840} INFO - DAG(s) 'ecommerce_cdc_daily' retrieved from /opt/airflow/dags/cdc_daily_dag.py
[2026-06-11T18:22:20.087+0000] {logging_mixin.py:188} INFO - [2026-06-11T18:22:20.086+0000] {dag.py:3089} INFO - Sync 1 DAGs
[2026-06-11T18:22:20.103+0000] {logging_mixin.py:188} INFO - [2026-06-11T18:22:20.103+0000] {dag.py:3947} INFO - Setting next_dagrun for ecommerce_cdc_daily to 2026-06-10 05:00:00+00:00, run_after=2026-06-11 05:00:00+00:00
[2026-06-11T18:22:20.125+0000] {processor.py:183} INFO - Processing /opt/airflow/dags/cdc_daily_dag.py took 0.202 seconds
[2026-06-11T18:22:50.229+0000] {processor.py:161} INFO - Started process (PID=897) to work on /opt/airflow/dags/cdc_daily_dag.py
[2026-06-11T18:22:50.231+0000] {processor.py:830} INFO - Processing file /opt/airflow/dags/cdc_daily_dag.py for tasks to queue
[2026-06-11T18:22:50.233+0000] {logging_mixin.py:188} INFO - [2026-06-11T18:22:50.232+0000] {dagbag.py:545} INFO - Filling up the DagBag from /opt/airflow/dags/cdc_daily_dag.py
[2026-06-11T18:22:50.289+0000] {processor.py:840} INFO - DAG(s) 'ecommerce_cdc_daily' retrieved from /opt/airflow/dags/cdc_daily_dag.py
[2026-06-11T18:22:50.373+0000] {logging_mixin.py:188} INFO - [2026-06-11T18:22:50.373+0000] {dag.py:3089} INFO - Sync 1 DAGs
[2026-06-11T18:22:50.388+0000] {logging_mixin.py:188} INFO - [2026-06-11T18:22:50.388+0000] {dag.py:3947} INFO - Setting next_dagrun for ecommerce_cdc_daily to 2026-06-10 05:00:00+00:00, run_after=2026-06-11 05:00:00+00:00
[2026-06-11T18:22:50.404+0000] {processor.py:183} INFO - Processing /opt/airflow/dags/cdc_daily_dag.py took 0.181 seconds
[2026-06-11T18:23:21.054+0000] {processor.py:161} INFO - Started process (PID=930) to work on /opt/airflow/dags/cdc_daily_dag.py
[2026-06-11T18:23:21.056+0000] {processor.py:830} INFO - Processing file /opt/airflow/dags/cdc_daily_dag.py for tasks to queue
[2026-06-11T18:23:21.058+0000] {logging_mixin.py:188} INFO - [2026-06-11T18:23:21.058+0000] {dagbag.py:545} INFO - Filling up the DagBag from /opt/airflow/dags/cdc_daily_dag.py
[2026-06-11T18:23:21.137+0000] {processor.py:840} INFO - DAG(s) 'ecommerce_cdc_daily' retrieved from /opt/airflow/dags/cdc_daily_dag.py
[2026-06-11T18:23:21.205+0000] {logging_mixin.py:188} INFO - [2026-06-11T18:23:21.205+0000] {dag.py:3089} INFO - Sync 1 DAGs
[2026-06-11T18:23:21.220+0000] {logging_mixin.py:188} INFO - [2026-06-11T18:23:21.220+0000] {dag.py:3947} INFO - Setting next_dagrun for ecommerce_cdc_daily to 2026-06-10 05:00:00+00:00, run_after=2026-06-11 05:00:00+00:00
[2026-06-11T18:23:21.240+0000] {processor.py:183} INFO - Processing /opt/airflow/dags/cdc_daily_dag.py took 0.189 seconds
[2026-06-11T18:23:52.176+0000] {processor.py:161} INFO - Started process (PID=951) to work on /opt/airflow/dags/cdc_daily_dag.py
[2026-06-11T18:23:52.178+0000] {processor.py:830} INFO - Processing file /opt/airflow/dags/cdc_daily_dag.py for tasks to queue
[2026-06-11T18:23:52.180+0000] {logging_mixin.py:188} INFO - [2026-06-11T18:23:52.179+0000] {dagbag.py:545} INFO - Filling up the DagBag from /opt/airflow/dags/cdc_daily_dag.py
[2026-06-11T18:23:52.255+0000] {processor.py:840} INFO - DAG(s) 'ecommerce_cdc_daily' retrieved from /opt/airflow/dags/cdc_daily_dag.py
[2026-06-11T18:23:52.370+0000] {logging_mixin.py:188} INFO - [2026-06-11T18:23:52.370+0000] {dag.py:3089} INFO - Sync 1 DAGs
[2026-06-11T18:23:52.388+0000] {logging_mixin.py:188} INFO - [2026-06-11T18:23:52.388+0000] {dag.py:3947} INFO - Setting next_dagrun for ecommerce_cdc_daily to 2026-06-10 05:00:00+00:00, run_after=2026-06-11 05:00:00+00:00
[2026-06-11T18:23:52.408+0000] {processor.py:183} INFO - Processing /opt/airflow/dags/cdc_daily_dag.py took 0.237 seconds
[2026-06-11T18:24:23.334+0000] {processor.py:161} INFO - Started process (PID=978) to work on /opt/airflow/dags/cdc_daily_dag.py
[2026-06-11T18:24:23.338+0000] {processor.py:830} INFO - Processing file /opt/airflow/dags/cdc_daily_dag.py for tasks to queue
[2026-06-11T18:24:23.342+0000] {logging_mixin.py:188} INFO - [2026-06-11T18:24:23.341+0000] {dagbag.py:545} INFO - Filling up the DagBag from /opt/airflow/dags/cdc_daily_dag.py
[2026-06-11T18:24:23.529+0000] {processor.py:840} INFO - DAG(s) 'ecommerce_cdc_daily' retrieved from /opt/airflow/dags/cdc_daily_dag.py
[2026-06-11T18:24:23.688+0000] {logging_mixin.py:188} INFO - [2026-06-11T18:24:23.688+0000] {dag.py:3089} INFO - Sync 1 DAGs
[2026-06-11T18:24:23.704+0000] {logging_mixin.py:188} INFO - [2026-06-11T18:24:23.704+0000] {dag.py:3947} INFO - Setting next_dagrun for ecommerce_cdc_daily to 2026-06-10 05:00:00+00:00, run_after=2026-06-11 05:00:00+00:00
[2026-06-11T18:24:23.724+0000] {processor.py:183} INFO - Processing /opt/airflow/dags/cdc_daily_dag.py took 0.395 seconds
[2026-06-11T18:24:54.306+0000] {processor.py:161} INFO - Started process (PID=1005) to work on /opt/airflow/dags/cdc_daily_dag.py
[2026-06-11T18:24:54.308+0000] {processor.py:830} INFO - Processing file /opt/airflow/dags/cdc_daily_dag.py for tasks to queue
[2026-06-11T18:24:54.310+0000] {logging_mixin.py:188} INFO - [2026-06-11T18:24:54.309+0000] {dagbag.py:545} INFO - Filling up the DagBag from /opt/airflow/dags/cdc_daily_dag.py
[2026-06-11T18:24:54.370+0000] {processor.py:840} INFO - DAG(s) 'ecommerce_cdc_daily' retrieved from /opt/airflow/dags/cdc_daily_dag.py
[2026-06-11T18:24:54.424+0000] {logging_mixin.py:188} INFO - [2026-06-11T18:24:54.424+0000] {dag.py:3089} INFO - Sync 1 DAGs
[2026-06-11T18:24:54.441+0000] {logging_mixin.py:188} INFO - [2026-06-11T18:24:54.441+0000] {dag.py:3947} INFO - Setting next_dagrun for ecommerce_cdc_daily to 2026-06-10 05:00:00+00:00, run_after=2026-06-11 05:00:00+00:00
[2026-06-11T18:24:54.464+0000] {processor.py:183} INFO - Processing /opt/airflow/dags/cdc_daily_dag.py took 0.161 seconds
[2026-06-11T18:25:24.646+0000] {processor.py:161} INFO - Started process (PID=1032) to work on /opt/airflow/dags/cdc_daily_dag.py
[2026-06-11T18:25:24.648+0000] {processor.py:830} INFO - Processing file /opt/airflow/dags/cdc_daily_dag.py for tasks to queue
[2026-06-11T18:25:24.650+0000] {logging_mixin.py:188} INFO - [2026-06-11T18:25:24.650+0000] {dagbag.py:545} INFO - Filling up the DagBag from /opt/airflow/dags/cdc_daily_dag.py
[2026-06-11T18:25:24.740+0000] {processor.py:840} INFO - DAG(s) 'ecommerce_cdc_daily' retrieved from /opt/airflow/dags/cdc_daily_dag.py
[2026-06-11T18:25:24.880+0000] {logging_mixin.py:188} INFO - [2026-06-11T18:25:24.879+0000] {dag.py:3089} INFO - Sync 1 DAGs
[2026-06-11T18:25:24.897+0000] {logging_mixin.py:188} INFO - [2026-06-11T18:25:24.897+0000] {dag.py:3947} INFO - Setting next_dagrun for ecommerce_cdc_daily to 2026-06-10 05:00:00+00:00, run_after=2026-06-11 05:00:00+00:00
[2026-06-11T18:25:24.919+0000] {processor.py:183} INFO - Processing /opt/airflow/dags/cdc_daily_dag.py took 0.278 seconds
[2026-06-11T18:25:55.787+0000] {processor.py:161} INFO - Started process (PID=1059) to work on /opt/airflow/dags/cdc_daily_dag.py
[2026-06-11T18:25:55.789+0000] {processor.py:830} INFO - Processing file /opt/airflow/dags/cdc_daily_dag.py for tasks to queue
[2026-06-11T18:25:55.792+0000] {logging_mixin.py:188} INFO - [2026-06-11T18:25:55.791+0000] {dagbag.py:545} INFO - Filling up the DagBag from /opt/airflow/dags/cdc_daily_dag.py
[2026-06-11T18:25:55.922+0000] {processor.py:840} INFO - DAG(s) 'ecommerce_cdc_daily' retrieved from /opt/airflow/dags/cdc_daily_dag.py
[2026-06-11T18:25:56.022+0000] {logging_mixin.py:188} INFO - [2026-06-11T18:25:56.022+0000] {dag.py:3089} INFO - Sync 1 DAGs
[2026-06-11T18:25:56.043+0000] {logging_mixin.py:188} INFO - [2026-06-11T18:25:56.043+0000] {dag.py:3947} INFO - Setting next_dagrun for ecommerce_cdc_daily to 2026-06-10 05:00:00+00:00, run_after=2026-06-11 05:00:00+00:00
[2026-06-11T18:25:56.060+0000] {processor.py:183} INFO - Processing /opt/airflow/dags/cdc_daily_dag.py took 0.279 seconds
[2026-06-11T18:26:26.222+0000] {processor.py:161} INFO - Started process (PID=1080) to work on /opt/airflow/dags/cdc_daily_dag.py
[2026-06-11T18:26:26.223+0000] {processor.py:830} INFO - Processing file /opt/airflow/dags/cdc_daily_dag.py for tasks to queue
[2026-06-11T18:26:26.226+0000] {logging_mixin.py:188} INFO - [2026-06-11T18:26:26.226+0000] {dagbag.py:545} INFO - Filling up the DagBag from /opt/airflow/dags/cdc_daily_dag.py
[2026-06-11T18:26:26.315+0000] {processor.py:840} INFO - DAG(s) 'ecommerce_cdc_daily' retrieved from /opt/airflow/dags/cdc_daily_dag.py
[2026-06-11T18:26:26.415+0000] {logging_mixin.py:188} INFO - [2026-06-11T18:26:26.415+0000] {dag.py:3089} INFO - Sync 1 DAGs
[2026-06-11T18:26:26.432+0000] {logging_mixin.py:188} INFO - [2026-06-11T18:26:26.431+0000] {dag.py:3947} INFO - Setting next_dagrun for ecommerce_cdc_daily to 2026-06-10 05:00:00+00:00, run_after=2026-06-11 05:00:00+00:00
[2026-06-11T18:26:26.454+0000] {processor.py:183} INFO - Processing /opt/airflow/dags/cdc_daily_dag.py took 0.237 seconds
[2026-06-11T18:27:04.258+0000] {processor.py:161} INFO - Started process (PID=183) to work on /opt/airflow/dags/cdc_daily_dag.py
[2026-06-11T18:27:04.260+0000] {processor.py:830} INFO - Processing file /opt/airflow/dags/cdc_daily_dag.py for tasks to queue
[2026-06-11T18:27:04.264+0000] {logging_mixin.py:188} INFO - [2026-06-11T18:27:04.264+0000] {dagbag.py:545} INFO - Filling up the DagBag from /opt/airflow/dags/cdc_daily_dag.py
[2026-06-11T18:27:04.334+0000] {processor.py:840} INFO - DAG(s) 'ecommerce_cdc_daily' retrieved from /opt/airflow/dags/cdc_daily_dag.py
[2026-06-11T18:27:04.373+0000] {logging_mixin.py:188} INFO - [2026-06-11T18:27:04.373+0000] {dag.py:3089} INFO - Sync 1 DAGs
[2026-06-11T18:27:04.401+0000] {logging_mixin.py:188} INFO - [2026-06-11T18:27:04.401+0000] {dag.py:3947} INFO - Setting next_dagrun for ecommerce_cdc_daily to 2026-06-10 05:00:00+00:00, run_after=2026-06-11 05:00:00+00:00
[2026-06-11T18:27:04.426+0000] {processor.py:183} INFO - Processing /opt/airflow/dags/cdc_daily_dag.py took 0.179 seconds
[2026-06-11T18:27:35.117+0000] {processor.py:161} INFO - Started process (PID=198) to work on /opt/airflow/dags/cdc_daily_dag.py
[2026-06-11T18:27:35.119+0000] {processor.py:830} INFO - Processing file /opt/airflow/dags/cdc_daily_dag.py for tasks to queue
[2026-06-11T18:27:35.121+0000] {logging_mixin.py:188} INFO - [2026-06-11T18:27:35.120+0000] {dagbag.py:545} INFO - Filling up the DagBag from /opt/airflow/dags/cdc_daily_dag.py
[2026-06-11T18:27:35.193+0000] {processor.py:840} INFO - DAG(s) 'ecommerce_cdc_daily' retrieved from /opt/airflow/dags/cdc_daily_dag.py
[2026-06-11T18:27:35.611+0000] {logging_mixin.py:188} INFO - [2026-06-11T18:27:35.611+0000] {dag.py:3089} INFO - Sync 1 DAGs
[2026-06-11T18:27:35.622+0000] {logging_mixin.py:188} INFO - [2026-06-11T18:27:35.622+0000] {dag.py:3947} INFO - Setting next_dagrun for ecommerce_cdc_daily to 2026-06-10 05:00:00+00:00, run_after=2026-06-11 05:00:00+00:00
[2026-06-11T18:27:35.637+0000] {processor.py:183} INFO - Processing /opt/airflow/dags/cdc_daily_dag.py took 0.524 seconds
[2026-06-11T18:28:06.547+0000] {processor.py:161} INFO - Started process (PID=213) to work on /opt/airflow/dags/cdc_daily_dag.py
[2026-06-11T18:28:06.550+0000] {processor.py:830} INFO - Processing file /opt/airflow/dags/cdc_daily_dag.py for tasks to queue
[2026-06-11T18:28:06.552+0000] {logging_mixin.py:188} INFO - [2026-06-11T18:28:06.552+0000] {dagbag.py:545} INFO - Filling up the DagBag from /opt/airflow/dags/cdc_daily_dag.py
[2026-06-11T18:28:06.671+0000] {processor.py:840} INFO - DAG(s) 'ecommerce_cdc_daily' retrieved from /opt/airflow/dags/cdc_daily_dag.py
[2026-06-11T18:28:06.765+0000] {logging_mixin.py:188} INFO - [2026-06-11T18:28:06.765+0000] {dag.py:3089} INFO - Sync 1 DAGs
[2026-06-11T18:28:06.779+0000] {logging_mixin.py:188} INFO - [2026-06-11T18:28:06.779+0000] {dag.py:3947} INFO - Setting next_dagrun for ecommerce_cdc_daily to 2026-06-10 05:00:00+00:00, run_after=2026-06-11 05:00:00+00:00
[2026-06-11T18:28:06.807+0000] {processor.py:183} INFO - Processing /opt/airflow/dags/cdc_daily_dag.py took 0.265 seconds
[2026-06-11T18:28:37.691+0000] {processor.py:161} INFO - Started process (PID=228) to work on /opt/airflow/dags/cdc_daily_dag.py
[2026-06-11T18:28:37.692+0000] {processor.py:830} INFO - Processing file /opt/airflow/dags/cdc_daily_dag.py for tasks to queue
[2026-06-11T18:28:37.694+0000] {logging_mixin.py:188} INFO - [2026-06-11T18:28:37.694+0000] {dagbag.py:545} INFO - Filling up the DagBag from /opt/airflow/dags/cdc_daily_dag.py
[2026-06-11T18:28:37.751+0000] {processor.py:840} INFO - DAG(s) 'ecommerce_cdc_daily' retrieved from /opt/airflow/dags/cdc_daily_dag.py
[2026-06-11T18:28:37.813+0000] {logging_mixin.py:188} INFO - [2026-06-11T18:28:37.813+0000] {dag.py:3089} INFO - Sync 1 DAGs
[2026-06-11T18:28:37.827+0000] {logging_mixin.py:188} INFO - [2026-06-11T18:28:37.827+0000] {dag.py:3947} INFO - Setting next_dagrun for ecommerce_cdc_daily to 2026-06-10 05:00:00+00:00, run_after=2026-06-11 05:00:00+00:00
[2026-06-11T18:28:37.844+0000] {processor.py:183} INFO - Processing /opt/airflow/dags/cdc_daily_dag.py took 0.158 seconds
[2026-06-11T18:29:07.928+0000] {processor.py:161} INFO - Started process (PID=240) to work on /opt/airflow/dags/cdc_daily_dag.py
[2026-06-11T18:29:07.930+0000] {processor.py:830} INFO - Processing file /opt/airflow/dags/cdc_daily_dag.py for tasks to queue
[2026-06-11T18:29:07.933+0000] {logging_mixin.py:188} INFO - [2026-06-11T18:29:07.933+0000] {dagbag.py:545} INFO - Filling up the DagBag from /opt/airflow/dags/cdc_daily_dag.py
[2026-06-11T18:29:07.989+0000] {processor.py:840} INFO - DAG(s) 'ecommerce_cdc_daily' retrieved from /opt/airflow/dags/cdc_daily_dag.py
[2026-06-11T18:29:08.068+0000] {logging_mixin.py:188} INFO - [2026-06-11T18:29:08.068+0000] {dag.py:3089} INFO - Sync 1 DAGs
[2026-06-11T18:29:08.195+0000] {logging_mixin.py:188} INFO - [2026-06-11T18:29:08.195+0000] {dag.py:3947} INFO - Setting next_dagrun for ecommerce_cdc_daily to 2026-06-10 05:00:00+00:00, run_after=2026-06-11 05:00:00+00:00
[2026-06-11T18:29:08.209+0000] {processor.py:183} INFO - Processing /opt/airflow/dags/cdc_daily_dag.py took 0.284 seconds
[2026-06-11T18:29:39.276+0000] {processor.py:161} INFO - Started process (PID=664) to work on /opt/airflow/dags/cdc_daily_dag.py
[2026-06-11T18:29:39.278+0000] {processor.py:830} INFO - Processing file /opt/airflow/dags/cdc_daily_dag.py for tasks to queue
[2026-06-11T18:29:39.280+0000] {logging_mixin.py:188} INFO - [2026-06-11T18:29:39.279+0000] {dagbag.py:545} INFO - Filling up the DagBag from /opt/airflow/dags/cdc_daily_dag.py
[2026-06-11T18:29:39.354+0000] {processor.py:840} INFO - DAG(s) 'ecommerce_cdc_daily' retrieved from /opt/airflow/dags/cdc_daily_dag.py
[2026-06-11T18:29:39.558+0000] {logging_mixin.py:188} INFO - [2026-06-11T18:29:39.558+0000] {dag.py:3089} INFO - Sync 1 DAGs
[2026-06-11T18:29:39.571+0000] {logging_mixin.py:188} INFO - [2026-06-11T18:29:39.571+0000] {dag.py:3947} INFO - Setting next_dagrun for ecommerce_cdc_daily to 2026-06-10 05:00:00+00:00, run_after=2026-06-11 05:00:00+00:00
[2026-06-11T18:29:39.588+0000] {processor.py:183} INFO - Processing /opt/airflow/dags/cdc_daily_dag.py took 0.315 seconds
