[2026-06-11T18:10:03.950+0000] {processor.py:161} INFO - Started process (PID=190) to work on /opt/airflow/dags/common_callbacks.py
[2026-06-11T18:10:03.951+0000] {processor.py:830} INFO - Processing file /opt/airflow/dags/common_callbacks.py for tasks to queue
[2026-06-11T18:10:03.953+0000] {logging_mixin.py:188} INFO - [2026-06-11T18:10:03.953+0000] {dagbag.py:545} INFO - Filling up the DagBag from /opt/airflow/dags/common_callbacks.py
[2026-06-11T18:10:04.007+0000] {processor.py:842} WARNING - No viable dags retrieved from /opt/airflow/dags/common_callbacks.py
[2026-06-11T18:10:04.020+0000] {processor.py:183} INFO - Processing /opt/airflow/dags/common_callbacks.py took 0.075 seconds
[2026-06-11T18:10:34.783+0000] {processor.py:161} INFO - Started process (PID=205) to work on /opt/airflow/dags/common_callbacks.py
[2026-06-11T18:10:34.784+0000] {processor.py:830} INFO - Processing file /opt/airflow/dags/common_callbacks.py for tasks to queue
[2026-06-11T18:10:34.785+0000] {logging_mixin.py:188} INFO - [2026-06-11T18:10:34.785+0000] {dagbag.py:545} INFO - Filling up the DagBag from /opt/airflow/dags/common_callbacks.py
[2026-06-11T18:10:34.818+0000] {processor.py:842} WARNING - No viable dags retrieved from /opt/airflow/dags/common_callbacks.py
[2026-06-11T18:10:34.830+0000] {processor.py:183} INFO - Processing /opt/airflow/dags/common_callbacks.py took 0.050 seconds
[2026-06-11T18:11:05.452+0000] {processor.py:161} INFO - Started process (PID=220) to work on /opt/airflow/dags/common_callbacks.py
[2026-06-11T18:11:05.454+0000] {processor.py:830} INFO - Processing file /opt/airflow/dags/common_callbacks.py for tasks to queue
[2026-06-11T18:11:05.455+0000] {logging_mixin.py:188} INFO - [2026-06-11T18:11:05.455+0000] {dagbag.py:545} INFO - Filling up the DagBag from /opt/airflow/dags/common_callbacks.py
[2026-06-11T18:11:05.494+0000] {processor.py:842} WARNING - No viable dags retrieved from /opt/airflow/dags/common_callbacks.py
[2026-06-11T18:11:05.507+0000] {processor.py:183} INFO - Processing /opt/airflow/dags/common_callbacks.py took 0.059 seconds
[2026-06-11T18:11:35.973+0000] {processor.py:161} INFO - Started process (PID=247) to work on /opt/airflow/dags/common_callbacks.py
[2026-06-11T18:11:35.974+0000] {processor.py:830} INFO - Processing file /opt/airflow/dags/common_callbacks.py for tasks to queue
[2026-06-11T18:11:35.975+0000] {logging_mixin.py:188} INFO - [2026-06-11T18:11:35.975+0000] {dagbag.py:545} INFO - Filling up the DagBag from /opt/airflow/dags/common_callbacks.py
[2026-06-11T18:11:36.007+0000] {processor.py:842} WARNING - No viable dags retrieved from /opt/airflow/dags/common_callbacks.py
[2026-06-11T18:11:36.018+0000] {processor.py:183} INFO - Processing /opt/airflow/dags/common_callbacks.py took 0.049 seconds
[2026-06-11T18:12:07.183+0000] {processor.py:161} INFO - Started process (PID=356) to work on /opt/airflow/dags/common_callbacks.py
[2026-06-11T18:12:07.185+0000] {processor.py:830} INFO - Processing file /opt/airflow/dags/common_callbacks.py for tasks to queue
[2026-06-11T18:12:07.189+0000] {logging_mixin.py:188} INFO - [2026-06-11T18:12:07.188+0000] {dagbag.py:545} INFO - Filling up the DagBag from /opt/airflow/dags/common_callbacks.py
[2026-06-11T18:12:07.216+0000] {processor.py:842} WARNING - No viable dags retrieved from /opt/airflow/dags/common_callbacks.py
[2026-06-11T18:12:07.236+0000] {processor.py:183} INFO - Processing /opt/airflow/dags/common_callbacks.py took 0.062 seconds
[2026-06-11T18:12:37.587+0000] {processor.py:161} INFO - Started process (PID=371) to work on /opt/airflow/dags/common_callbacks.py
[2026-06-11T18:12:37.587+0000] {processor.py:830} INFO - Processing file /opt/airflow/dags/common_callbacks.py for tasks to queue
[2026-06-11T18:12:37.589+0000] {logging_mixin.py:188} INFO - [2026-06-11T18:12:37.588+0000] {dagbag.py:545} INFO - Filling up the DagBag from /opt/airflow/dags/common_callbacks.py
[2026-06-11T18:12:37.600+0000] {processor.py:842} WARNING - No viable dags retrieved from /opt/airflow/dags/common_callbacks.py
[2026-06-11T18:12:37.611+0000] {processor.py:183} INFO - Processing /opt/airflow/dags/common_callbacks.py took 0.028 seconds
[2026-06-11T18:13:08.816+0000] {processor.py:161} INFO - Started process (PID=386) to work on /opt/airflow/dags/common_callbacks.py
[2026-06-11T18:13:08.817+0000] {processor.py:830} INFO - Processing file /opt/airflow/dags/common_callbacks.py for tasks to queue
[2026-06-11T18:13:08.819+0000] {logging_mixin.py:188} INFO - [2026-06-11T18:13:08.819+0000] {dagbag.py:545} INFO - Filling up the DagBag from /opt/airflow/dags/common_callbacks.py
[2026-06-11T18:13:08.835+0000] {processor.py:842} WARNING - No viable dags retrieved from /opt/airflow/dags/common_callbacks.py
[2026-06-11T18:13:08.845+0000] {processor.py:183} INFO - Processing /opt/airflow/dags/common_callbacks.py took 0.033 seconds
[2026-06-11T18:13:40.314+0000] {processor.py:161} INFO - Started process (PID=401) to work on /opt/airflow/dags/common_callbacks.py
[2026-06-11T18:13:40.316+0000] {processor.py:830} INFO - Processing file /opt/airflow/dags/common_callbacks.py for tasks to queue
[2026-06-11T18:13:40.318+0000] {logging_mixin.py:188} INFO - [2026-06-11T18:13:40.317+0000] {dagbag.py:545} INFO - Filling up the DagBag from /opt/airflow/dags/common_callbacks.py
[2026-06-11T18:13:40.341+0000] {processor.py:842} WARNING - No viable dags retrieved from /opt/airflow/dags/common_callbacks.py
[2026-06-11T18:13:40.361+0000] {processor.py:183} INFO - Processing /opt/airflow/dags/common_callbacks.py took 0.055 seconds
[2026-06-11T18:14:11.188+0000] {processor.py:161} INFO - Started process (PID=418) to work on /opt/airflow/dags/common_callbacks.py
[2026-06-11T18:14:11.189+0000] {processor.py:830} INFO - Processing file /opt/airflow/dags/common_callbacks.py for tasks to queue
[2026-06-11T18:14:11.191+0000] {logging_mixin.py:188} INFO - [2026-06-11T18:14:11.191+0000] {dagbag.py:545} INFO - Filling up the DagBag from /opt/airflow/dags/common_callbacks.py
[2026-06-11T18:14:11.226+0000] {processor.py:842} WARNING - No viable dags retrieved from /opt/airflow/dags/common_callbacks.py
[2026-06-11T18:14:11.240+0000] {processor.py:183} INFO - Processing /opt/airflow/dags/common_callbacks.py took 0.057 seconds
[2026-06-11T18:14:42.277+0000] {processor.py:161} INFO - Started process (PID=437) to work on /opt/airflow/dags/common_callbacks.py
[2026-06-11T18:14:42.278+0000] {processor.py:830} INFO - Processing file /opt/airflow/dags/common_callbacks.py for tasks to queue
[2026-06-11T18:14:42.280+0000] {logging_mixin.py:188} INFO - [2026-06-11T18:14:42.280+0000] {dagbag.py:545} INFO - Filling up the DagBag from /opt/airflow/dags/common_callbacks.py
[2026-06-11T18:14:42.310+0000] {processor.py:842} WARNING - No viable dags retrieved from /opt/airflow/dags/common_callbacks.py
[2026-06-11T18:14:42.323+0000] {processor.py:183} INFO - Processing /opt/airflow/dags/common_callbacks.py took 0.051 seconds
[2026-06-11T18:15:12.918+0000] {processor.py:161} INFO - Started process (PID=464) to work on /opt/airflow/dags/common_callbacks.py
[2026-06-11T18:15:12.920+0000] {processor.py:830} INFO - Processing file /opt/airflow/dags/common_callbacks.py for tasks to queue
[2026-06-11T18:15:12.925+0000] {logging_mixin.py:188} INFO - [2026-06-11T18:15:12.925+0000] {dagbag.py:545} INFO - Filling up the DagBag from /opt/airflow/dags/common_callbacks.py
[2026-06-11T18:15:13.017+0000] {processor.py:842} WARNING - No viable dags retrieved from /opt/airflow/dags/common_callbacks.py
[2026-06-11T18:15:13.030+0000] {processor.py:183} INFO - Processing /opt/airflow/dags/common_callbacks.py took 0.116 seconds
[2026-06-11T18:15:43.884+0000] {processor.py:161} INFO - Started process (PID=485) to work on /opt/airflow/dags/common_callbacks.py
[2026-06-11T18:15:43.886+0000] {processor.py:830} INFO - Processing file /opt/airflow/dags/common_callbacks.py for tasks to queue
[2026-06-11T18:15:43.887+0000] {logging_mixin.py:188} INFO - [2026-06-11T18:15:43.887+0000] {dagbag.py:545} INFO - Filling up the DagBag from /opt/airflow/dags/common_callbacks.py
[2026-06-11T18:15:43.915+0000] {processor.py:842} WARNING - No viable dags retrieved from /opt/airflow/dags/common_callbacks.py
[2026-06-11T18:15:43.929+0000] {processor.py:183} INFO - Processing /opt/airflow/dags/common_callbacks.py took 0.049 seconds
[2026-06-11T18:16:14.082+0000] {processor.py:161} INFO - Started process (PID=512) to work on /opt/airflow/dags/common_callbacks.py
[2026-06-11T18:16:14.083+0000] {processor.py:830} INFO - Processing file /opt/airflow/dags/common_callbacks.py for tasks to queue
[2026-06-11T18:16:14.085+0000] {logging_mixin.py:188} INFO - [2026-06-11T18:16:14.085+0000] {dagbag.py:545} INFO - Filling up the DagBag from /opt/airflow/dags/common_callbacks.py
[2026-06-11T18:16:14.123+0000] {processor.py:842} WARNING - No viable dags retrieved from /opt/airflow/dags/common_callbacks.py
[2026-06-11T18:16:14.135+0000] {processor.py:183} INFO - Processing /opt/airflow/dags/common_callbacks.py took 0.057 seconds
[2026-06-11T18:16:44.317+0000] {processor.py:161} INFO - Started process (PID=536) to work on /opt/airflow/dags/common_callbacks.py
[2026-06-11T18:16:44.318+0000] {processor.py:830} INFO - Processing file /opt/airflow/dags/common_callbacks.py for tasks to queue
[2026-06-11T18:16:44.321+0000] {logging_mixin.py:188} INFO - [2026-06-11T18:16:44.321+0000] {dagbag.py:545} INFO - Filling up the DagBag from /opt/airflow/dags/common_callbacks.py
[2026-06-11T18:16:44.341+0000] {processor.py:842} WARNING - No viable dags retrieved from /opt/airflow/dags/common_callbacks.py
[2026-06-11T18:16:44.353+0000] {processor.py:183} INFO - Processing /opt/airflow/dags/common_callbacks.py took 0.040 seconds
[2026-06-11T18:17:14.455+0000] {processor.py:161} INFO - Started process (PID=561) to work on /opt/airflow/dags/common_callbacks.py
[2026-06-11T18:17:14.456+0000] {processor.py:830} INFO - Processing file /opt/airflow/dags/common_callbacks.py for tasks to queue
[2026-06-11T18:17:14.459+0000] {logging_mixin.py:188} INFO - [2026-06-11T18:17:14.459+0000] {dagbag.py:545} INFO - Filling up the DagBag from /opt/airflow/dags/common_callbacks.py
[2026-06-11T18:17:14.499+0000] {processor.py:842} WARNING - No viable dags retrieved from /opt/airflow/dags/common_callbacks.py
[2026-06-11T18:17:14.518+0000] {processor.py:183} INFO - Processing /opt/airflow/dags/common_callbacks.py took 0.069 seconds
[2026-06-11T18:17:44.760+0000] {processor.py:161} INFO - Started process (PID=582) to work on /opt/airflow/dags/common_callbacks.py
[2026-06-11T18:17:44.761+0000] {processor.py:830} INFO - Processing file /opt/airflow/dags/common_callbacks.py for tasks to queue
[2026-06-11T18:17:44.763+0000] {logging_mixin.py:188} INFO - [2026-06-11T18:17:44.763+0000] {dagbag.py:545} INFO - Filling up the DagBag from /opt/airflow/dags/common_callbacks.py
[2026-06-11T18:17:44.800+0000] {processor.py:842} WARNING - No viable dags retrieved from /opt/airflow/dags/common_callbacks.py
[2026-06-11T18:17:44.817+0000] {processor.py:183} INFO - Processing /opt/airflow/dags/common_callbacks.py took 0.062 seconds
[2026-06-11T18:18:14.919+0000] {processor.py:161} INFO - Started process (PID=606) to work on /opt/airflow/dags/common_callbacks.py
[2026-06-11T18:18:14.920+0000] {processor.py:830} INFO - Processing file /opt/airflow/dags/common_callbacks.py for tasks to queue
[2026-06-11T18:18:14.922+0000] {logging_mixin.py:188} INFO - [2026-06-11T18:18:14.921+0000] {dagbag.py:545} INFO - Filling up the DagBag from /opt/airflow/dags/common_callbacks.py
[2026-06-11T18:18:14.935+0000] {processor.py:842} WARNING - No viable dags retrieved from /opt/airflow/dags/common_callbacks.py
[2026-06-11T18:18:14.946+0000] {processor.py:183} INFO - Processing /opt/airflow/dags/common_callbacks.py took 0.032 seconds
[2026-06-11T18:18:45.066+0000] {processor.py:161} INFO - Started process (PID=633) to work on /opt/airflow/dags/common_callbacks.py
[2026-06-11T18:18:45.067+0000] {processor.py:830} INFO - Processing file /opt/airflow/dags/common_callbacks.py for tasks to queue
[2026-06-11T18:18:45.069+0000] {logging_mixin.py:188} INFO - [2026-06-11T18:18:45.068+0000] {dagbag.py:545} INFO - Filling up the DagBag from /opt/airflow/dags/common_callbacks.py
[2026-06-11T18:18:45.104+0000] {processor.py:842} WARNING - No viable dags retrieved from /opt/airflow/dags/common_callbacks.py
[2026-06-11T18:18:45.120+0000] {processor.py:183} INFO - Processing /opt/airflow/dags/common_callbacks.py took 0.059 seconds
[2026-06-11T18:19:15.457+0000] {processor.py:161} INFO - Started process (PID=660) to work on /opt/airflow/dags/common_callbacks.py
[2026-06-11T18:19:15.458+0000] {processor.py:830} INFO - Processing file /opt/airflow/dags/common_callbacks.py for tasks to queue
[2026-06-11T18:19:15.461+0000] {logging_mixin.py:188} INFO - [2026-06-11T18:19:15.460+0000] {dagbag.py:545} INFO - Filling up the DagBag from /opt/airflow/dags/common_callbacks.py
[2026-06-11T18:19:15.478+0000] {processor.py:842} WARNING - No viable dags retrieved from /opt/airflow/dags/common_callbacks.py
[2026-06-11T18:19:15.493+0000] {processor.py:183} INFO - Processing /opt/airflow/dags/common_callbacks.py took 0.042 seconds
[2026-06-11T18:19:45.721+0000] {processor.py:161} INFO - Started process (PID=681) to work on /opt/airflow/dags/common_callbacks.py
[2026-06-11T18:19:45.722+0000] {processor.py:830} INFO - Processing file /opt/airflow/dags/common_callbacks.py for tasks to queue
[2026-06-11T18:19:45.724+0000] {logging_mixin.py:188} INFO - [2026-06-11T18:19:45.724+0000] {dagbag.py:545} INFO - Filling up the DagBag from /opt/airflow/dags/common_callbacks.py
[2026-06-11T18:19:45.738+0000] {processor.py:842} WARNING - No viable dags retrieved from /opt/airflow/dags/common_callbacks.py
[2026-06-11T18:19:45.750+0000] {processor.py:183} INFO - Processing /opt/airflow/dags/common_callbacks.py took 0.034 seconds
[2026-06-11T18:20:15.967+0000] {processor.py:161} INFO - Started process (PID=763) to work on /opt/airflow/dags/common_callbacks.py
[2026-06-11T18:20:15.968+0000] {processor.py:830} INFO - Processing file /opt/airflow/dags/common_callbacks.py for tasks to queue
[2026-06-11T18:20:15.971+0000] {logging_mixin.py:188} INFO - [2026-06-11T18:20:15.970+0000] {dagbag.py:545} INFO - Filling up the DagBag from /opt/airflow/dags/common_callbacks.py
[2026-06-11T18:20:16.015+0000] {processor.py:842} WARNING - No viable dags retrieved from /opt/airflow/dags/common_callbacks.py
[2026-06-11T18:20:16.028+0000] {processor.py:183} INFO - Processing /opt/airflow/dags/common_callbacks.py took 0.066 seconds
[2026-06-11T18:20:46.208+0000] {processor.py:161} INFO - Started process (PID=790) to work on /opt/airflow/dags/common_callbacks.py
[2026-06-11T18:20:46.209+0000] {processor.py:830} INFO - Processing file /opt/airflow/dags/common_callbacks.py for tasks to queue
[2026-06-11T18:20:46.211+0000] {logging_mixin.py:188} INFO - [2026-06-11T18:20:46.210+0000] {dagbag.py:545} INFO - Filling up the DagBag from /opt/airflow/dags/common_callbacks.py
[2026-06-11T18:20:46.226+0000] {processor.py:842} WARNING - No viable dags retrieved from /opt/airflow/dags/common_callbacks.py
[2026-06-11T18:20:46.238+0000] {processor.py:183} INFO - Processing /opt/airflow/dags/common_callbacks.py took 0.035 seconds
[2026-06-11T18:21:16.599+0000] {processor.py:161} INFO - Started process (PID=811) to work on /opt/airflow/dags/common_callbacks.py
[2026-06-11T18:21:16.600+0000] {processor.py:830} INFO - Processing file /opt/airflow/dags/common_callbacks.py for tasks to queue
[2026-06-11T18:21:16.603+0000] {logging_mixin.py:188} INFO - [2026-06-11T18:21:16.603+0000] {dagbag.py:545} INFO - Filling up the DagBag from /opt/airflow/dags/common_callbacks.py
[2026-06-11T18:21:16.645+0000] {processor.py:842} WARNING - No viable dags retrieved from /opt/airflow/dags/common_callbacks.py
[2026-06-11T18:21:16.659+0000] {processor.py:183} INFO - Processing /opt/airflow/dags/common_callbacks.py took 0.065 seconds
[2026-06-11T18:21:46.740+0000] {processor.py:161} INFO - Started process (PID=838) to work on /opt/airflow/dags/common_callbacks.py
[2026-06-11T18:21:46.741+0000] {processor.py:830} INFO - Processing file /opt/airflow/dags/common_callbacks.py for tasks to queue
[2026-06-11T18:21:46.743+0000] {logging_mixin.py:188} INFO - [2026-06-11T18:21:46.743+0000] {dagbag.py:545} INFO - Filling up the DagBag from /opt/airflow/dags/common_callbacks.py
[2026-06-11T18:21:46.773+0000] {processor.py:842} WARNING - No viable dags retrieved from /opt/airflow/dags/common_callbacks.py
[2026-06-11T18:21:46.786+0000] {processor.py:183} INFO - Processing /opt/airflow/dags/common_callbacks.py took 0.051 seconds
[2026-06-11T18:22:16.926+0000] {processor.py:161} INFO - Started process (PID=865) to work on /opt/airflow/dags/common_callbacks.py
[2026-06-11T18:22:16.928+0000] {processor.py:830} INFO - Processing file /opt/airflow/dags/common_callbacks.py for tasks to queue
[2026-06-11T18:22:16.937+0000] {logging_mixin.py:188} INFO - [2026-06-11T18:22:16.936+0000] {dagbag.py:545} INFO - Filling up the DagBag from /opt/airflow/dags/common_callbacks.py
[2026-06-11T18:22:16.985+0000] {processor.py:842} WARNING - No viable dags retrieved from /opt/airflow/dags/common_callbacks.py
[2026-06-11T18:22:16.998+0000] {processor.py:183} INFO - Processing /opt/airflow/dags/common_callbacks.py took 0.076 seconds
[2026-06-11T18:22:48.029+0000] {processor.py:161} INFO - Started process (PID=892) to work on /opt/airflow/dags/common_callbacks.py
[2026-06-11T18:22:48.030+0000] {processor.py:830} INFO - Processing file /opt/airflow/dags/common_callbacks.py for tasks to queue
[2026-06-11T18:22:48.032+0000] {logging_mixin.py:188} INFO - [2026-06-11T18:22:48.032+0000] {dagbag.py:545} INFO - Filling up the DagBag from /opt/airflow/dags/common_callbacks.py
[2026-06-11T18:22:48.072+0000] {processor.py:842} WARNING - No viable dags retrieved from /opt/airflow/dags/common_callbacks.py
[2026-06-11T18:22:48.088+0000] {processor.py:183} INFO - Processing /opt/airflow/dags/common_callbacks.py took 0.065 seconds
[2026-06-11T18:23:19.139+0000] {processor.py:161} INFO - Started process (PID=925) to work on /opt/airflow/dags/common_callbacks.py
[2026-06-11T18:23:19.140+0000] {processor.py:830} INFO - Processing file /opt/airflow/dags/common_callbacks.py for tasks to queue
[2026-06-11T18:23:19.143+0000] {logging_mixin.py:188} INFO - [2026-06-11T18:23:19.142+0000] {dagbag.py:545} INFO - Filling up the DagBag from /opt/airflow/dags/common_callbacks.py
[2026-06-11T18:23:19.177+0000] {processor.py:842} WARNING - No viable dags retrieved from /opt/airflow/dags/common_callbacks.py
[2026-06-11T18:23:19.189+0000] {processor.py:183} INFO - Processing /opt/airflow/dags/common_callbacks.py took 0.056 seconds
[2026-06-11T18:23:49.259+0000] {processor.py:161} INFO - Started process (PID=946) to work on /opt/airflow/dags/common_callbacks.py
[2026-06-11T18:23:49.261+0000] {processor.py:830} INFO - Processing file /opt/airflow/dags/common_callbacks.py for tasks to queue
[2026-06-11T18:23:49.263+0000] {logging_mixin.py:188} INFO - [2026-06-11T18:23:49.262+0000] {dagbag.py:545} INFO - Filling up the DagBag from /opt/airflow/dags/common_callbacks.py
[2026-06-11T18:23:49.302+0000] {processor.py:842} WARNING - No viable dags retrieved from /opt/airflow/dags/common_callbacks.py
[2026-06-11T18:23:49.315+0000] {processor.py:183} INFO - Processing /opt/airflow/dags/common_callbacks.py took 0.060 seconds
[2026-06-11T18:24:19.391+0000] {processor.py:161} INFO - Started process (PID=973) to work on /opt/airflow/dags/common_callbacks.py
[2026-06-11T18:24:19.392+0000] {processor.py:830} INFO - Processing file /opt/airflow/dags/common_callbacks.py for tasks to queue
[2026-06-11T18:24:19.395+0000] {logging_mixin.py:188} INFO - [2026-06-11T18:24:19.394+0000] {dagbag.py:545} INFO - Filling up the DagBag from /opt/airflow/dags/common_callbacks.py
[2026-06-11T18:24:19.414+0000] {processor.py:842} WARNING - No viable dags retrieved from /opt/airflow/dags/common_callbacks.py
[2026-06-11T18:24:19.424+0000] {processor.py:183} INFO - Processing /opt/airflow/dags/common_callbacks.py took 0.037 seconds
[2026-06-11T18:24:49.489+0000] {processor.py:161} INFO - Started process (PID=1000) to work on /opt/airflow/dags/common_callbacks.py
[2026-06-11T18:24:49.491+0000] {processor.py:830} INFO - Processing file /opt/airflow/dags/common_callbacks.py for tasks to queue
[2026-06-11T18:24:49.494+0000] {logging_mixin.py:188} INFO - [2026-06-11T18:24:49.493+0000] {dagbag.py:545} INFO - Filling up the DagBag from /opt/airflow/dags/common_callbacks.py
[2026-06-11T18:24:49.538+0000] {processor.py:842} WARNING - No viable dags retrieved from /opt/airflow/dags/common_callbacks.py
[2026-06-11T18:24:49.551+0000] {processor.py:183} INFO - Processing /opt/airflow/dags/common_callbacks.py took 0.066 seconds
[2026-06-11T18:25:19.620+0000] {processor.py:161} INFO - Started process (PID=1021) to work on /opt/airflow/dags/common_callbacks.py
[2026-06-11T18:25:19.621+0000] {processor.py:830} INFO - Processing file /opt/airflow/dags/common_callbacks.py for tasks to queue
[2026-06-11T18:25:19.623+0000] {logging_mixin.py:188} INFO - [2026-06-11T18:25:19.623+0000] {dagbag.py:545} INFO - Filling up the DagBag from /opt/airflow/dags/common_callbacks.py
[2026-06-11T18:25:19.636+0000] {processor.py:842} WARNING - No viable dags retrieved from /opt/airflow/dags/common_callbacks.py
[2026-06-11T18:25:19.650+0000] {processor.py:183} INFO - Processing /opt/airflow/dags/common_callbacks.py took 0.035 seconds
[2026-06-11T18:25:49.721+0000] {processor.py:161} INFO - Started process (PID=1048) to work on /opt/airflow/dags/common_callbacks.py
[2026-06-11T18:25:49.722+0000] {processor.py:830} INFO - Processing file /opt/airflow/dags/common_callbacks.py for tasks to queue
[2026-06-11T18:25:49.725+0000] {logging_mixin.py:188} INFO - [2026-06-11T18:25:49.724+0000] {dagbag.py:545} INFO - Filling up the DagBag from /opt/airflow/dags/common_callbacks.py
[2026-06-11T18:25:49.765+0000] {processor.py:842} WARNING - No viable dags retrieved from /opt/airflow/dags/common_callbacks.py
[2026-06-11T18:25:49.778+0000] {processor.py:183} INFO - Processing /opt/airflow/dags/common_callbacks.py took 0.061 seconds
[2026-06-11T18:26:20.508+0000] {processor.py:161} INFO - Started process (PID=1075) to work on /opt/airflow/dags/common_callbacks.py
[2026-06-11T18:26:20.510+0000] {processor.py:830} INFO - Processing file /opt/airflow/dags/common_callbacks.py for tasks to queue
[2026-06-11T18:26:20.513+0000] {logging_mixin.py:188} INFO - [2026-06-11T18:26:20.513+0000] {dagbag.py:545} INFO - Filling up the DagBag from /opt/airflow/dags/common_callbacks.py
[2026-06-11T18:26:20.593+0000] {processor.py:842} WARNING - No viable dags retrieved from /opt/airflow/dags/common_callbacks.py
[2026-06-11T18:26:20.608+0000] {processor.py:183} INFO - Processing /opt/airflow/dags/common_callbacks.py took 0.105 seconds
[2026-06-11T18:27:04.493+0000] {processor.py:161} INFO - Started process (PID=190) to work on /opt/airflow/dags/common_callbacks.py
[2026-06-11T18:27:04.494+0000] {processor.py:830} INFO - Processing file /opt/airflow/dags/common_callbacks.py for tasks to queue
[2026-06-11T18:27:04.496+0000] {logging_mixin.py:188} INFO - [2026-06-11T18:27:04.496+0000] {dagbag.py:545} INFO - Filling up the DagBag from /opt/airflow/dags/common_callbacks.py
[2026-06-11T18:27:04.526+0000] {processor.py:842} WARNING - No viable dags retrieved from /opt/airflow/dags/common_callbacks.py
[2026-06-11T18:27:04.539+0000] {processor.py:183} INFO - Processing /opt/airflow/dags/common_callbacks.py took 0.051 seconds
[2026-06-11T18:27:35.698+0000] {processor.py:161} INFO - Started process (PID=203) to work on /opt/airflow/dags/common_callbacks.py
[2026-06-11T18:27:35.699+0000] {processor.py:830} INFO - Processing file /opt/airflow/dags/common_callbacks.py for tasks to queue
[2026-06-11T18:27:35.701+0000] {logging_mixin.py:188} INFO - [2026-06-11T18:27:35.700+0000] {dagbag.py:545} INFO - Filling up the DagBag from /opt/airflow/dags/common_callbacks.py
[2026-06-11T18:27:35.719+0000] {processor.py:842} WARNING - No viable dags retrieved from /opt/airflow/dags/common_callbacks.py
[2026-06-11T18:27:35.730+0000] {processor.py:183} INFO - Processing /opt/airflow/dags/common_callbacks.py took 0.037 seconds
[2026-06-11T18:28:06.891+0000] {processor.py:161} INFO - Started process (PID=218) to work on /opt/airflow/dags/common_callbacks.py
[2026-06-11T18:28:06.892+0000] {processor.py:830} INFO - Processing file /opt/airflow/dags/common_callbacks.py for tasks to queue
[2026-06-11T18:28:06.894+0000] {logging_mixin.py:188} INFO - [2026-06-11T18:28:06.894+0000] {dagbag.py:545} INFO - Filling up the DagBag from /opt/airflow/dags/common_callbacks.py
[2026-06-11T18:28:06.941+0000] {processor.py:842} WARNING - No viable dags retrieved from /opt/airflow/dags/common_callbacks.py
[2026-06-11T18:28:06.955+0000] {processor.py:183} INFO - Processing /opt/airflow/dags/common_callbacks.py took 0.069 seconds
[2026-06-11T18:28:37.905+0000] {processor.py:161} INFO - Started process (PID=233) to work on /opt/airflow/dags/common_callbacks.py
[2026-06-11T18:28:37.906+0000] {processor.py:830} INFO - Processing file /opt/airflow/dags/common_callbacks.py for tasks to queue
[2026-06-11T18:28:37.908+0000] {logging_mixin.py:188} INFO - [2026-06-11T18:28:37.908+0000] {dagbag.py:545} INFO - Filling up the DagBag from /opt/airflow/dags/common_callbacks.py
[2026-06-11T18:28:37.945+0000] {processor.py:842} WARNING - No viable dags retrieved from /opt/airflow/dags/common_callbacks.py
[2026-06-11T18:28:37.961+0000] {processor.py:183} INFO - Processing /opt/airflow/dags/common_callbacks.py took 0.062 seconds
[2026-06-11T18:29:08.304+0000] {processor.py:161} INFO - Started process (PID=248) to work on /opt/airflow/dags/common_callbacks.py
[2026-06-11T18:29:08.305+0000] {processor.py:830} INFO - Processing file /opt/airflow/dags/common_callbacks.py for tasks to queue
[2026-06-11T18:29:08.307+0000] {logging_mixin.py:188} INFO - [2026-06-11T18:29:08.306+0000] {dagbag.py:545} INFO - Filling up the DagBag from /opt/airflow/dags/common_callbacks.py
[2026-06-11T18:29:08.340+0000] {processor.py:842} WARNING - No viable dags retrieved from /opt/airflow/dags/common_callbacks.py
[2026-06-11T18:29:08.353+0000] {processor.py:183} INFO - Processing /opt/airflow/dags/common_callbacks.py took 0.053 seconds
[2026-06-11T18:29:39.643+0000] {processor.py:161} INFO - Started process (PID=669) to work on /opt/airflow/dags/common_callbacks.py
[2026-06-11T18:29:39.644+0000] {processor.py:830} INFO - Processing file /opt/airflow/dags/common_callbacks.py for tasks to queue
[2026-06-11T18:29:39.646+0000] {logging_mixin.py:188} INFO - [2026-06-11T18:29:39.646+0000] {dagbag.py:545} INFO - Filling up the DagBag from /opt/airflow/dags/common_callbacks.py
[2026-06-11T18:29:39.680+0000] {processor.py:842} WARNING - No viable dags retrieved from /opt/airflow/dags/common_callbacks.py
[2026-06-11T18:29:39.691+0000] {processor.py:183} INFO - Processing /opt/airflow/dags/common_callbacks.py took 0.052 seconds
