[2026-06-11T18:10:03.333+0000] {processor.py:161} INFO - Started process (PID=180) to work on /opt/airflow/dags/ecommerce_pipeline_dag.py
[2026-06-11T18:10:03.334+0000] {processor.py:830} INFO - Processing file /opt/airflow/dags/ecommerce_pipeline_dag.py for tasks to queue
[2026-06-11T18:10:03.337+0000] {logging_mixin.py:188} INFO - [2026-06-11T18:10:03.336+0000] {dagbag.py:545} INFO - Filling up the DagBag from /opt/airflow/dags/ecommerce_pipeline_dag.py
[2026-06-11T18:10:03.446+0000] {processor.py:840} INFO - DAG(s) 'ecommerce_end_to_end_pipeline' retrieved from /opt/airflow/dags/ecommerce_pipeline_dag.py
[2026-06-11T18:10:03.707+0000] {logging_mixin.py:188} INFO - [2026-06-11T18:10:03.706+0000] {override.py:1858} INFO - Created Permission View: can read on DAG:ecommerce_end_to_end_pipeline
[2026-06-11T18:10:03.714+0000] {logging_mixin.py:188} INFO - [2026-06-11T18:10:03.714+0000] {override.py:1858} INFO - Created Permission View: can delete on DAG:ecommerce_end_to_end_pipeline
[2026-06-11T18:10:03.721+0000] {logging_mixin.py:188} INFO - [2026-06-11T18:10:03.721+0000] {override.py:1858} INFO - Created Permission View: can edit on DAG:ecommerce_end_to_end_pipeline
[2026-06-11T18:10:03.722+0000] {logging_mixin.py:188} INFO - [2026-06-11T18:10:03.721+0000] {dag.py:3089} INFO - Sync 1 DAGs
[2026-06-11T18:10:03.845+0000] {logging_mixin.py:188} INFO - [2026-06-11T18:10:03.845+0000] {dag.py:3111} INFO - Creating ORM DAG for ecommerce_end_to_end_pipeline
[2026-06-11T18:10:03.853+0000] {logging_mixin.py:188} INFO - [2026-06-11T18:10:03.852+0000] {dag.py:3947} INFO - Setting next_dagrun for ecommerce_end_to_end_pipeline to 2026-06-10 03:00:00+00:00, run_after=2026-06-11 03:00:00+00:00
[2026-06-11T18:10:03.874+0000] {processor.py:183} INFO - Processing /opt/airflow/dags/ecommerce_pipeline_dag.py took 0.546 seconds
[2026-06-11T18:10:34.552+0000] {processor.py:161} INFO - Started process (PID=195) to work on /opt/airflow/dags/ecommerce_pipeline_dag.py
[2026-06-11T18:10:34.553+0000] {processor.py:830} INFO - Processing file /opt/airflow/dags/ecommerce_pipeline_dag.py for tasks to queue
[2026-06-11T18:10:34.556+0000] {logging_mixin.py:188} INFO - [2026-06-11T18:10:34.555+0000] {dagbag.py:545} INFO - Filling up the DagBag from /opt/airflow/dags/ecommerce_pipeline_dag.py
[2026-06-11T18:10:34.593+0000] {processor.py:840} INFO - DAG(s) 'ecommerce_end_to_end_pipeline' retrieved from /opt/airflow/dags/ecommerce_pipeline_dag.py
[2026-06-11T18:10:34.670+0000] {logging_mixin.py:188} INFO - [2026-06-11T18:10:34.670+0000] {dag.py:3089} INFO - Sync 1 DAGs
[2026-06-11T18:10:34.683+0000] {logging_mixin.py:188} INFO - [2026-06-11T18:10:34.683+0000] {dag.py:3947} INFO - Setting next_dagrun for ecommerce_end_to_end_pipeline to 2026-06-10 03:00:00+00:00, run_after=2026-06-11 03:00:00+00:00
[2026-06-11T18:10:34.714+0000] {processor.py:183} INFO - Processing /opt/airflow/dags/ecommerce_pipeline_dag.py took 0.167 seconds
[2026-06-11T18:11:05.249+0000] {processor.py:161} INFO - Started process (PID=210) to work on /opt/airflow/dags/ecommerce_pipeline_dag.py
[2026-06-11T18:11:05.251+0000] {processor.py:830} INFO - Processing file /opt/airflow/dags/ecommerce_pipeline_dag.py for tasks to queue
[2026-06-11T18:11:05.253+0000] {logging_mixin.py:188} INFO - [2026-06-11T18:11:05.253+0000] {dagbag.py:545} INFO - Filling up the DagBag from /opt/airflow/dags/ecommerce_pipeline_dag.py
[2026-06-11T18:11:05.305+0000] {processor.py:840} INFO - DAG(s) 'ecommerce_end_to_end_pipeline' retrieved from /opt/airflow/dags/ecommerce_pipeline_dag.py
[2026-06-11T18:11:05.365+0000] {logging_mixin.py:188} INFO - [2026-06-11T18:11:05.364+0000] {dag.py:3089} INFO - Sync 1 DAGs
[2026-06-11T18:11:05.380+0000] {logging_mixin.py:188} INFO - [2026-06-11T18:11:05.380+0000] {dag.py:3947} INFO - Setting next_dagrun for ecommerce_end_to_end_pipeline to 2026-06-10 03:00:00+00:00, run_after=2026-06-11 03:00:00+00:00
[2026-06-11T18:11:05.396+0000] {processor.py:183} INFO - Processing /opt/airflow/dags/ecommerce_pipeline_dag.py took 0.153 seconds
[2026-06-11T18:11:35.758+0000] {processor.py:161} INFO - Started process (PID=237) to work on /opt/airflow/dags/ecommerce_pipeline_dag.py
[2026-06-11T18:11:35.759+0000] {processor.py:830} INFO - Processing file /opt/airflow/dags/ecommerce_pipeline_dag.py for tasks to queue
[2026-06-11T18:11:35.761+0000] {logging_mixin.py:188} INFO - [2026-06-11T18:11:35.761+0000] {dagbag.py:545} INFO - Filling up the DagBag from /opt/airflow/dags/ecommerce_pipeline_dag.py
[2026-06-11T18:11:35.799+0000] {processor.py:840} INFO - DAG(s) 'ecommerce_end_to_end_pipeline' retrieved from /opt/airflow/dags/ecommerce_pipeline_dag.py
[2026-06-11T18:11:35.901+0000] {logging_mixin.py:188} INFO - [2026-06-11T18:11:35.901+0000] {dag.py:3089} INFO - Sync 1 DAGs
[2026-06-11T18:11:35.915+0000] {logging_mixin.py:188} INFO - [2026-06-11T18:11:35.915+0000] {dag.py:3947} INFO - Setting next_dagrun for ecommerce_end_to_end_pipeline to 2026-06-10 03:00:00+00:00, run_after=2026-06-11 03:00:00+00:00
[2026-06-11T18:11:35.932+0000] {processor.py:183} INFO - Processing /opt/airflow/dags/ecommerce_pipeline_dag.py took 0.182 seconds
[2026-06-11T18:12:06.930+0000] {processor.py:161} INFO - Started process (PID=348) to work on /opt/airflow/dags/ecommerce_pipeline_dag.py
[2026-06-11T18:12:06.932+0000] {processor.py:830} INFO - Processing file /opt/airflow/dags/ecommerce_pipeline_dag.py for tasks to queue
[2026-06-11T18:12:06.934+0000] {logging_mixin.py:188} INFO - [2026-06-11T18:12:06.934+0000] {dagbag.py:545} INFO - Filling up the DagBag from /opt/airflow/dags/ecommerce_pipeline_dag.py
[2026-06-11T18:12:06.998+0000] {processor.py:840} INFO - DAG(s) 'ecommerce_end_to_end_pipeline' retrieved from /opt/airflow/dags/ecommerce_pipeline_dag.py
[2026-06-11T18:12:07.000+0000] {logging_mixin.py:188} INFO - [2026-06-11T18:12:06.999+0000] {dagbag.py:545} INFO - Filling up the DagBag from /opt/airflow/dags/ecommerce_pipeline_dag.py
[2026-06-11T18:12:07.049+0000] {logging_mixin.py:188} INFO - [2026-06-11T18:12:07.049+0000] {processor.py:431} INFO - Running SLA Checks for ecommerce_end_to_end_pipeline
[2026-06-11T18:12:07.143+0000] {logging_mixin.py:188} INFO - [2026-06-11T18:12:07.143+0000] {dag.py:3089} INFO - Sync 1 DAGs
[2026-06-11T18:12:07.323+0000] {processor.py:183} INFO - Processing /opt/airflow/dags/ecommerce_pipeline_dag.py took 0.398 seconds
[2026-06-11T18:12:37.582+0000] {processor.py:161} INFO - Started process (PID=368) to work on /opt/airflow/dags/ecommerce_pipeline_dag.py
[2026-06-11T18:12:37.583+0000] {processor.py:830} INFO - Processing file /opt/airflow/dags/ecommerce_pipeline_dag.py for tasks to queue
[2026-06-11T18:12:37.585+0000] {logging_mixin.py:188} INFO - [2026-06-11T18:12:37.585+0000] {dagbag.py:545} INFO - Filling up the DagBag from /opt/airflow/dags/ecommerce_pipeline_dag.py
[2026-06-11T18:12:37.606+0000] {processor.py:840} INFO - DAG(s) 'ecommerce_end_to_end_pipeline' retrieved from /opt/airflow/dags/ecommerce_pipeline_dag.py
[2026-06-11T18:12:37.606+0000] {logging_mixin.py:188} INFO - [2026-06-11T18:12:37.606+0000] {dagbag.py:545} INFO - Filling up the DagBag from /opt/airflow/dags/ecommerce_pipeline_dag.py
[2026-06-11T18:12:37.630+0000] {logging_mixin.py:188} INFO - [2026-06-11T18:12:37.630+0000] {processor.py:431} INFO - Running SLA Checks for ecommerce_end_to_end_pipeline
[2026-06-11T18:12:37.782+0000] {logging_mixin.py:188} INFO - [2026-06-11T18:12:37.782+0000] {dag.py:3089} INFO - Sync 1 DAGs
[2026-06-11T18:12:37.803+0000] {processor.py:183} INFO - Processing /opt/airflow/dags/ecommerce_pipeline_dag.py took 0.225 seconds
[2026-06-11T18:13:08.457+0000] {processor.py:161} INFO - Started process (PID=378) to work on /opt/airflow/dags/ecommerce_pipeline_dag.py
[2026-06-11T18:13:08.459+0000] {processor.py:830} INFO - Processing file /opt/airflow/dags/ecommerce_pipeline_dag.py for tasks to queue
[2026-06-11T18:13:08.462+0000] {logging_mixin.py:188} INFO - [2026-06-11T18:13:08.462+0000] {dagbag.py:545} INFO - Filling up the DagBag from /opt/airflow/dags/ecommerce_pipeline_dag.py
[2026-06-11T18:13:08.580+0000] {processor.py:840} INFO - DAG(s) 'ecommerce_end_to_end_pipeline' retrieved from /opt/airflow/dags/ecommerce_pipeline_dag.py
[2026-06-11T18:13:08.581+0000] {logging_mixin.py:188} INFO - [2026-06-11T18:13:08.581+0000] {dagbag.py:545} INFO - Filling up the DagBag from /opt/airflow/dags/ecommerce_pipeline_dag.py
[2026-06-11T18:13:08.612+0000] {logging_mixin.py:188} INFO - [2026-06-11T18:13:08.612+0000] {processor.py:431} INFO - Running SLA Checks for ecommerce_end_to_end_pipeline
[2026-06-11T18:13:08.798+0000] {logging_mixin.py:188} INFO - [2026-06-11T18:13:08.798+0000] {dag.py:3089} INFO - Sync 1 DAGs
[2026-06-11T18:13:08.816+0000] {processor.py:183} INFO - Processing /opt/airflow/dags/ecommerce_pipeline_dag.py took 0.364 seconds
[2026-06-11T18:13:40.062+0000] {processor.py:161} INFO - Started process (PID=393) to work on /opt/airflow/dags/ecommerce_pipeline_dag.py
[2026-06-11T18:13:40.065+0000] {processor.py:830} INFO - Processing file /opt/airflow/dags/ecommerce_pipeline_dag.py for tasks to queue
[2026-06-11T18:13:40.068+0000] {logging_mixin.py:188} INFO - [2026-06-11T18:13:40.067+0000] {dagbag.py:545} INFO - Filling up the DagBag from /opt/airflow/dags/ecommerce_pipeline_dag.py
[2026-06-11T18:13:40.117+0000] {processor.py:840} INFO - DAG(s) 'ecommerce_end_to_end_pipeline' retrieved from /opt/airflow/dags/ecommerce_pipeline_dag.py
[2026-06-11T18:13:40.118+0000] {logging_mixin.py:188} INFO - [2026-06-11T18:13:40.118+0000] {dagbag.py:545} INFO - Filling up the DagBag from /opt/airflow/dags/ecommerce_pipeline_dag.py
[2026-06-11T18:13:40.165+0000] {logging_mixin.py:188} INFO - [2026-06-11T18:13:40.165+0000] {processor.py:431} INFO - Running SLA Checks for ecommerce_end_to_end_pipeline
[2026-06-11T18:13:40.265+0000] {logging_mixin.py:188} INFO - [2026-06-11T18:13:40.265+0000] {dag.py:3089} INFO - Sync 1 DAGs
[2026-06-11T18:13:40.304+0000] {processor.py:183} INFO - Processing /opt/airflow/dags/ecommerce_pipeline_dag.py took 0.254 seconds
[2026-06-11T18:14:10.937+0000] {processor.py:161} INFO - Started process (PID=408) to work on /opt/airflow/dags/ecommerce_pipeline_dag.py
[2026-06-11T18:14:10.940+0000] {processor.py:830} INFO - Processing file /opt/airflow/dags/ecommerce_pipeline_dag.py for tasks to queue
[2026-06-11T18:14:10.943+0000] {logging_mixin.py:188} INFO - [2026-06-11T18:14:10.943+0000] {dagbag.py:545} INFO - Filling up the DagBag from /opt/airflow/dags/ecommerce_pipeline_dag.py
[2026-06-11T18:14:11.003+0000] {processor.py:840} INFO - DAG(s) 'ecommerce_end_to_end_pipeline' retrieved from /opt/airflow/dags/ecommerce_pipeline_dag.py
[2026-06-11T18:14:11.005+0000] {logging_mixin.py:188} INFO - [2026-06-11T18:14:11.004+0000] {dagbag.py:545} INFO - Filling up the DagBag from /opt/airflow/dags/ecommerce_pipeline_dag.py
[2026-06-11T18:14:11.042+0000] {logging_mixin.py:188} INFO - [2026-06-11T18:14:11.042+0000] {processor.py:431} INFO - Running SLA Checks for ecommerce_end_to_end_pipeline
[2026-06-11T18:14:11.118+0000] {logging_mixin.py:188} INFO - [2026-06-11T18:14:11.118+0000] {dag.py:3089} INFO - Sync 1 DAGs
[2026-06-11T18:14:11.142+0000] {processor.py:183} INFO - Processing /opt/airflow/dags/ecommerce_pipeline_dag.py took 0.214 seconds
[2026-06-11T18:14:42.098+0000] {processor.py:161} INFO - Started process (PID=429) to work on /opt/airflow/dags/ecommerce_pipeline_dag.py
[2026-06-11T18:14:42.099+0000] {processor.py:830} INFO - Processing file /opt/airflow/dags/ecommerce_pipeline_dag.py for tasks to queue
[2026-06-11T18:14:42.101+0000] {logging_mixin.py:188} INFO - [2026-06-11T18:14:42.100+0000] {dagbag.py:545} INFO - Filling up the DagBag from /opt/airflow/dags/ecommerce_pipeline_dag.py
[2026-06-11T18:14:42.134+0000] {processor.py:840} INFO - DAG(s) 'ecommerce_end_to_end_pipeline' retrieved from /opt/airflow/dags/ecommerce_pipeline_dag.py
[2026-06-11T18:14:42.135+0000] {logging_mixin.py:188} INFO - [2026-06-11T18:14:42.135+0000] {dagbag.py:545} INFO - Filling up the DagBag from /opt/airflow/dags/ecommerce_pipeline_dag.py
[2026-06-11T18:14:42.161+0000] {logging_mixin.py:188} INFO - [2026-06-11T18:14:42.161+0000] {processor.py:431} INFO - Running SLA Checks for ecommerce_end_to_end_pipeline
[2026-06-11T18:14:42.243+0000] {logging_mixin.py:188} INFO - [2026-06-11T18:14:42.243+0000] {dag.py:3089} INFO - Sync 1 DAGs
[2026-06-11T18:14:42.267+0000] {processor.py:183} INFO - Processing /opt/airflow/dags/ecommerce_pipeline_dag.py took 0.172 seconds
[2026-06-11T18:15:12.473+0000] {processor.py:161} INFO - Started process (PID=456) to work on /opt/airflow/dags/ecommerce_pipeline_dag.py
[2026-06-11T18:15:12.477+0000] {processor.py:830} INFO - Processing file /opt/airflow/dags/ecommerce_pipeline_dag.py for tasks to queue
[2026-06-11T18:15:12.480+0000] {logging_mixin.py:188} INFO - [2026-06-11T18:15:12.480+0000] {dagbag.py:545} INFO - Filling up the DagBag from /opt/airflow/dags/ecommerce_pipeline_dag.py
[2026-06-11T18:15:12.586+0000] {processor.py:840} INFO - DAG(s) 'ecommerce_end_to_end_pipeline' retrieved from /opt/airflow/dags/ecommerce_pipeline_dag.py
[2026-06-11T18:15:12.587+0000] {logging_mixin.py:188} INFO - [2026-06-11T18:15:12.587+0000] {dagbag.py:545} INFO - Filling up the DagBag from /opt/airflow/dags/ecommerce_pipeline_dag.py
[2026-06-11T18:15:12.706+0000] {logging_mixin.py:188} INFO - [2026-06-11T18:15:12.706+0000] {processor.py:431} INFO - Running SLA Checks for ecommerce_end_to_end_pipeline
[2026-06-11T18:15:12.858+0000] {logging_mixin.py:188} INFO - [2026-06-11T18:15:12.858+0000] {dag.py:3089} INFO - Sync 1 DAGs
[2026-06-11T18:15:12.901+0000] {processor.py:183} INFO - Processing /opt/airflow/dags/ecommerce_pipeline_dag.py took 0.432 seconds
[2026-06-11T18:15:43.647+0000] {processor.py:161} INFO - Started process (PID=477) to work on /opt/airflow/dags/ecommerce_pipeline_dag.py
[2026-06-11T18:15:43.649+0000] {processor.py:830} INFO - Processing file /opt/airflow/dags/ecommerce_pipeline_dag.py for tasks to queue
[2026-06-11T18:15:43.651+0000] {logging_mixin.py:188} INFO - [2026-06-11T18:15:43.650+0000] {dagbag.py:545} INFO - Filling up the DagBag from /opt/airflow/dags/ecommerce_pipeline_dag.py
[2026-06-11T18:15:43.705+0000] {processor.py:840} INFO - DAG(s) 'ecommerce_end_to_end_pipeline' retrieved from /opt/airflow/dags/ecommerce_pipeline_dag.py
[2026-06-11T18:15:43.707+0000] {logging_mixin.py:188} INFO - [2026-06-11T18:15:43.707+0000] {dagbag.py:545} INFO - Filling up the DagBag from /opt/airflow/dags/ecommerce_pipeline_dag.py
[2026-06-11T18:15:43.768+0000] {logging_mixin.py:188} INFO - [2026-06-11T18:15:43.768+0000] {processor.py:431} INFO - Running SLA Checks for ecommerce_end_to_end_pipeline
[2026-06-11T18:15:43.857+0000] {logging_mixin.py:188} INFO - [2026-06-11T18:15:43.857+0000] {dag.py:3089} INFO - Sync 1 DAGs
[2026-06-11T18:15:43.882+0000] {processor.py:183} INFO - Processing /opt/airflow/dags/ecommerce_pipeline_dag.py took 0.241 seconds
[2026-06-11T18:16:14.077+0000] {processor.py:161} INFO - Started process (PID=509) to work on /opt/airflow/dags/ecommerce_pipeline_dag.py
[2026-06-11T18:16:14.078+0000] {processor.py:830} INFO - Processing file /opt/airflow/dags/ecommerce_pipeline_dag.py for tasks to queue
[2026-06-11T18:16:14.080+0000] {logging_mixin.py:188} INFO - [2026-06-11T18:16:14.080+0000] {dagbag.py:545} INFO - Filling up the DagBag from /opt/airflow/dags/ecommerce_pipeline_dag.py
[2026-06-11T18:16:14.144+0000] {processor.py:840} INFO - DAG(s) 'ecommerce_end_to_end_pipeline' retrieved from /opt/airflow/dags/ecommerce_pipeline_dag.py
[2026-06-11T18:16:14.145+0000] {logging_mixin.py:188} INFO - [2026-06-11T18:16:14.144+0000] {dagbag.py:545} INFO - Filling up the DagBag from /opt/airflow/dags/ecommerce_pipeline_dag.py
[2026-06-11T18:16:14.199+0000] {logging_mixin.py:188} INFO - [2026-06-11T18:16:14.199+0000] {processor.py:431} INFO - Running SLA Checks for ecommerce_end_to_end_pipeline
[2026-06-11T18:16:14.303+0000] {logging_mixin.py:188} INFO - [2026-06-11T18:16:14.303+0000] {dag.py:3089} INFO - Sync 1 DAGs
[2026-06-11T18:16:14.329+0000] {processor.py:183} INFO - Processing /opt/airflow/dags/ecommerce_pipeline_dag.py took 0.256 seconds
[2026-06-11T18:16:44.420+0000] {processor.py:161} INFO - Started process (PID=541) to work on /opt/airflow/dags/ecommerce_pipeline_dag.py
[2026-06-11T18:16:44.421+0000] {processor.py:830} INFO - Processing file /opt/airflow/dags/ecommerce_pipeline_dag.py for tasks to queue
[2026-06-11T18:16:44.423+0000] {logging_mixin.py:188} INFO - [2026-06-11T18:16:44.423+0000] {dagbag.py:545} INFO - Filling up the DagBag from /opt/airflow/dags/ecommerce_pipeline_dag.py
[2026-06-11T18:16:44.488+0000] {processor.py:840} INFO - DAG(s) 'ecommerce_end_to_end_pipeline' retrieved from /opt/airflow/dags/ecommerce_pipeline_dag.py
[2026-06-11T18:16:44.490+0000] {logging_mixin.py:188} INFO - [2026-06-11T18:16:44.490+0000] {dagbag.py:545} INFO - Filling up the DagBag from /opt/airflow/dags/ecommerce_pipeline_dag.py
[2026-06-11T18:16:44.541+0000] {logging_mixin.py:188} INFO - [2026-06-11T18:16:44.541+0000] {processor.py:431} INFO - Running SLA Checks for ecommerce_end_to_end_pipeline
[2026-06-11T18:16:44.637+0000] {logging_mixin.py:188} INFO - [2026-06-11T18:16:44.636+0000] {dag.py:3089} INFO - Sync 1 DAGs
[2026-06-11T18:16:44.660+0000] {processor.py:183} INFO - Processing /opt/airflow/dags/ecommerce_pipeline_dag.py took 0.245 seconds
[2026-06-11T18:17:15.626+0000] {processor.py:161} INFO - Started process (PID=568) to work on /opt/airflow/dags/ecommerce_pipeline_dag.py
[2026-06-11T18:17:15.628+0000] {processor.py:830} INFO - Processing file /opt/airflow/dags/ecommerce_pipeline_dag.py for tasks to queue
[2026-06-11T18:17:15.630+0000] {logging_mixin.py:188} INFO - [2026-06-11T18:17:15.629+0000] {dagbag.py:545} INFO - Filling up the DagBag from /opt/airflow/dags/ecommerce_pipeline_dag.py
[2026-06-11T18:17:15.681+0000] {processor.py:840} INFO - DAG(s) 'ecommerce_end_to_end_pipeline' retrieved from /opt/airflow/dags/ecommerce_pipeline_dag.py
[2026-06-11T18:17:15.682+0000] {logging_mixin.py:188} INFO - [2026-06-11T18:17:15.682+0000] {dagbag.py:545} INFO - Filling up the DagBag from /opt/airflow/dags/ecommerce_pipeline_dag.py
[2026-06-11T18:17:15.735+0000] {logging_mixin.py:188} INFO - [2026-06-11T18:17:15.735+0000] {processor.py:431} INFO - Running SLA Checks for ecommerce_end_to_end_pipeline
[2026-06-11T18:17:15.836+0000] {logging_mixin.py:188} INFO - [2026-06-11T18:17:15.836+0000] {dag.py:3089} INFO - Sync 1 DAGs
[2026-06-11T18:17:15.863+0000] {processor.py:183} INFO - Processing /opt/airflow/dags/ecommerce_pipeline_dag.py took 0.242 seconds
[2026-06-11T18:17:46.080+0000] {processor.py:161} INFO - Started process (PID=589) to work on /opt/airflow/dags/ecommerce_pipeline_dag.py
[2026-06-11T18:17:46.082+0000] {processor.py:830} INFO - Processing file /opt/airflow/dags/ecommerce_pipeline_dag.py for tasks to queue
[2026-06-11T18:17:46.084+0000] {logging_mixin.py:188} INFO - [2026-06-11T18:17:46.084+0000] {dagbag.py:545} INFO - Filling up the DagBag from /opt/airflow/dags/ecommerce_pipeline_dag.py
[2026-06-11T18:17:46.166+0000] {processor.py:840} INFO - DAG(s) 'ecommerce_end_to_end_pipeline' retrieved from /opt/airflow/dags/ecommerce_pipeline_dag.py
[2026-06-11T18:17:46.167+0000] {logging_mixin.py:188} INFO - [2026-06-11T18:17:46.167+0000] {dagbag.py:545} INFO - Filling up the DagBag from /opt/airflow/dags/ecommerce_pipeline_dag.py
[2026-06-11T18:17:46.269+0000] {logging_mixin.py:188} INFO - [2026-06-11T18:17:46.269+0000] {processor.py:431} INFO - Running SLA Checks for ecommerce_end_to_end_pipeline
[2026-06-11T18:17:46.488+0000] {logging_mixin.py:188} INFO - [2026-06-11T18:17:46.488+0000] {dag.py:3089} INFO - Sync 1 DAGs
[2026-06-11T18:17:46.519+0000] {processor.py:183} INFO - Processing /opt/airflow/dags/ecommerce_pipeline_dag.py took 0.444 seconds
[2026-06-11T18:18:17.077+0000] {processor.py:161} INFO - Started process (PID=616) to work on /opt/airflow/dags/ecommerce_pipeline_dag.py
[2026-06-11T18:18:17.078+0000] {processor.py:830} INFO - Processing file /opt/airflow/dags/ecommerce_pipeline_dag.py for tasks to queue
[2026-06-11T18:18:17.079+0000] {logging_mixin.py:188} INFO - [2026-06-11T18:18:17.079+0000] {dagbag.py:545} INFO - Filling up the DagBag from /opt/airflow/dags/ecommerce_pipeline_dag.py
[2026-06-11T18:18:17.200+0000] {processor.py:840} INFO - DAG(s) 'ecommerce_end_to_end_pipeline' retrieved from /opt/airflow/dags/ecommerce_pipeline_dag.py
[2026-06-11T18:18:17.204+0000] {logging_mixin.py:188} INFO - [2026-06-11T18:18:17.204+0000] {dagbag.py:545} INFO - Filling up the DagBag from /opt/airflow/dags/ecommerce_pipeline_dag.py
[2026-06-11T18:18:17.341+0000] {logging_mixin.py:188} INFO - [2026-06-11T18:18:17.341+0000] {processor.py:431} INFO - Running SLA Checks for ecommerce_end_to_end_pipeline
[2026-06-11T18:18:17.538+0000] {logging_mixin.py:188} INFO - [2026-06-11T18:18:17.538+0000] {dag.py:3089} INFO - Sync 1 DAGs
[2026-06-11T18:18:17.566+0000] {processor.py:183} INFO - Processing /opt/airflow/dags/ecommerce_pipeline_dag.py took 0.494 seconds
[2026-06-11T18:18:48.149+0000] {processor.py:161} INFO - Started process (PID=643) to work on /opt/airflow/dags/ecommerce_pipeline_dag.py
[2026-06-11T18:18:48.151+0000] {processor.py:830} INFO - Processing file /opt/airflow/dags/ecommerce_pipeline_dag.py for tasks to queue
[2026-06-11T18:18:48.153+0000] {logging_mixin.py:188} INFO - [2026-06-11T18:18:48.153+0000] {dagbag.py:545} INFO - Filling up the DagBag from /opt/airflow/dags/ecommerce_pipeline_dag.py
[2026-06-11T18:18:48.218+0000] {processor.py:840} INFO - DAG(s) 'ecommerce_end_to_end_pipeline' retrieved from /opt/airflow/dags/ecommerce_pipeline_dag.py
[2026-06-11T18:18:48.220+0000] {logging_mixin.py:188} INFO - [2026-06-11T18:18:48.219+0000] {dagbag.py:545} INFO - Filling up the DagBag from /opt/airflow/dags/ecommerce_pipeline_dag.py
[2026-06-11T18:18:48.271+0000] {logging_mixin.py:188} INFO - [2026-06-11T18:18:48.270+0000] {processor.py:431} INFO - Running SLA Checks for ecommerce_end_to_end_pipeline
[2026-06-11T18:18:48.367+0000] {logging_mixin.py:188} INFO - [2026-06-11T18:18:48.366+0000] {dag.py:3089} INFO - Sync 1 DAGs
[2026-06-11T18:18:48.392+0000] {processor.py:183} INFO - Processing /opt/airflow/dags/ecommerce_pipeline_dag.py took 0.247 seconds
[2026-06-11T18:19:18.489+0000] {processor.py:161} INFO - Started process (PID=670) to work on /opt/airflow/dags/ecommerce_pipeline_dag.py
[2026-06-11T18:19:18.491+0000] {processor.py:830} INFO - Processing file /opt/airflow/dags/ecommerce_pipeline_dag.py for tasks to queue
[2026-06-11T18:19:18.493+0000] {logging_mixin.py:188} INFO - [2026-06-11T18:19:18.493+0000] {dagbag.py:545} INFO - Filling up the DagBag from /opt/airflow/dags/ecommerce_pipeline_dag.py
[2026-06-11T18:19:18.548+0000] {processor.py:840} INFO - DAG(s) 'ecommerce_end_to_end_pipeline' retrieved from /opt/airflow/dags/ecommerce_pipeline_dag.py
[2026-06-11T18:19:18.549+0000] {logging_mixin.py:188} INFO - [2026-06-11T18:19:18.549+0000] {dagbag.py:545} INFO - Filling up the DagBag from /opt/airflow/dags/ecommerce_pipeline_dag.py
[2026-06-11T18:19:18.666+0000] {logging_mixin.py:188} INFO - [2026-06-11T18:19:18.666+0000] {processor.py:431} INFO - Running SLA Checks for ecommerce_end_to_end_pipeline
[2026-06-11T18:19:18.836+0000] {logging_mixin.py:188} INFO - [2026-06-11T18:19:18.836+0000] {dag.py:3089} INFO - Sync 1 DAGs
[2026-06-11T18:19:18.873+0000] {processor.py:183} INFO - Processing /opt/airflow/dags/ecommerce_pipeline_dag.py took 0.388 seconds
[2026-06-11T18:19:49.574+0000] {processor.py:161} INFO - Started process (PID=691) to work on /opt/airflow/dags/ecommerce_pipeline_dag.py
[2026-06-11T18:19:49.575+0000] {processor.py:830} INFO - Processing file /opt/airflow/dags/ecommerce_pipeline_dag.py for tasks to queue
[2026-06-11T18:19:49.577+0000] {logging_mixin.py:188} INFO - [2026-06-11T18:19:49.577+0000] {dagbag.py:545} INFO - Filling up the DagBag from /opt/airflow/dags/ecommerce_pipeline_dag.py
[2026-06-11T18:19:49.630+0000] {processor.py:840} INFO - DAG(s) 'ecommerce_end_to_end_pipeline' retrieved from /opt/airflow/dags/ecommerce_pipeline_dag.py
[2026-06-11T18:19:49.632+0000] {logging_mixin.py:188} INFO - [2026-06-11T18:19:49.632+0000] {dagbag.py:545} INFO - Filling up the DagBag from /opt/airflow/dags/ecommerce_pipeline_dag.py
[2026-06-11T18:19:49.703+0000] {logging_mixin.py:188} INFO - [2026-06-11T18:19:49.703+0000] {processor.py:431} INFO - Running SLA Checks for ecommerce_end_to_end_pipeline
[2026-06-11T18:19:49.780+0000] {logging_mixin.py:188} INFO - [2026-06-11T18:19:49.780+0000] {dag.py:3089} INFO - Sync 1 DAGs
[2026-06-11T18:19:49.811+0000] {processor.py:183} INFO - Processing /opt/airflow/dags/ecommerce_pipeline_dag.py took 0.243 seconds
[2026-06-11T18:20:19.967+0000] {processor.py:161} INFO - Started process (PID=773) to work on /opt/airflow/dags/ecommerce_pipeline_dag.py
[2026-06-11T18:20:19.968+0000] {processor.py:830} INFO - Processing file /opt/airflow/dags/ecommerce_pipeline_dag.py for tasks to queue
[2026-06-11T18:20:19.969+0000] {logging_mixin.py:188} INFO - [2026-06-11T18:20:19.969+0000] {dagbag.py:545} INFO - Filling up the DagBag from /opt/airflow/dags/ecommerce_pipeline_dag.py
[2026-06-11T18:20:20.034+0000] {processor.py:840} INFO - DAG(s) 'ecommerce_end_to_end_pipeline' retrieved from /opt/airflow/dags/ecommerce_pipeline_dag.py
[2026-06-11T18:20:20.035+0000] {logging_mixin.py:188} INFO - [2026-06-11T18:20:20.034+0000] {dagbag.py:545} INFO - Filling up the DagBag from /opt/airflow/dags/ecommerce_pipeline_dag.py
[2026-06-11T18:20:20.088+0000] {logging_mixin.py:188} INFO - [2026-06-11T18:20:20.088+0000] {processor.py:431} INFO - Running SLA Checks for ecommerce_end_to_end_pipeline
[2026-06-11T18:20:20.225+0000] {logging_mixin.py:188} INFO - [2026-06-11T18:20:20.225+0000] {dag.py:3089} INFO - Sync 1 DAGs
[2026-06-11T18:20:20.251+0000] {processor.py:183} INFO - Processing /opt/airflow/dags/ecommerce_pipeline_dag.py took 0.288 seconds
[2026-06-11T18:20:50.803+0000] {processor.py:161} INFO - Started process (PID=800) to work on /opt/airflow/dags/ecommerce_pipeline_dag.py
[2026-06-11T18:20:50.804+0000] {processor.py:830} INFO - Processing file /opt/airflow/dags/ecommerce_pipeline_dag.py for tasks to queue
[2026-06-11T18:20:50.806+0000] {logging_mixin.py:188} INFO - [2026-06-11T18:20:50.806+0000] {dagbag.py:545} INFO - Filling up the DagBag from /opt/airflow/dags/ecommerce_pipeline_dag.py
[2026-06-11T18:20:50.988+0000] {processor.py:840} INFO - DAG(s) 'ecommerce_end_to_end_pipeline' retrieved from /opt/airflow/dags/ecommerce_pipeline_dag.py
[2026-06-11T18:20:50.990+0000] {logging_mixin.py:188} INFO - [2026-06-11T18:20:50.990+0000] {dagbag.py:545} INFO - Filling up the DagBag from /opt/airflow/dags/ecommerce_pipeline_dag.py
[2026-06-11T18:20:51.143+0000] {logging_mixin.py:188} INFO - [2026-06-11T18:20:51.143+0000] {processor.py:431} INFO - Running SLA Checks for ecommerce_end_to_end_pipeline
[2026-06-11T18:20:51.377+0000] {logging_mixin.py:188} INFO - [2026-06-11T18:20:51.376+0000] {dag.py:3089} INFO - Sync 1 DAGs
[2026-06-11T18:20:51.411+0000] {processor.py:183} INFO - Processing /opt/airflow/dags/ecommerce_pipeline_dag.py took 0.612 seconds
[2026-06-11T18:21:21.949+0000] {processor.py:161} INFO - Started process (PID=827) to work on /opt/airflow/dags/ecommerce_pipeline_dag.py
[2026-06-11T18:21:21.952+0000] {processor.py:830} INFO - Processing file /opt/airflow/dags/ecommerce_pipeline_dag.py for tasks to queue
[2026-06-11T18:21:21.954+0000] {logging_mixin.py:188} INFO - [2026-06-11T18:21:21.954+0000] {dagbag.py:545} INFO - Filling up the DagBag from /opt/airflow/dags/ecommerce_pipeline_dag.py
[2026-06-11T18:21:22.127+0000] {processor.py:840} INFO - DAG(s) 'ecommerce_end_to_end_pipeline' retrieved from /opt/airflow/dags/ecommerce_pipeline_dag.py
[2026-06-11T18:21:22.128+0000] {logging_mixin.py:188} INFO - [2026-06-11T18:21:22.128+0000] {dagbag.py:545} INFO - Filling up the DagBag from /opt/airflow/dags/ecommerce_pipeline_dag.py
[2026-06-11T18:21:22.205+0000] {logging_mixin.py:188} INFO - [2026-06-11T18:21:22.205+0000] {processor.py:431} INFO - Running SLA Checks for ecommerce_end_to_end_pipeline
[2026-06-11T18:21:22.372+0000] {logging_mixin.py:188} INFO - [2026-06-11T18:21:22.371+0000] {dag.py:3089} INFO - Sync 1 DAGs
[2026-06-11T18:21:22.399+0000] {processor.py:183} INFO - Processing /opt/airflow/dags/ecommerce_pipeline_dag.py took 0.454 seconds
[2026-06-11T18:21:52.870+0000] {processor.py:161} INFO - Started process (PID=854) to work on /opt/airflow/dags/ecommerce_pipeline_dag.py
[2026-06-11T18:21:52.871+0000] {processor.py:830} INFO - Processing file /opt/airflow/dags/ecommerce_pipeline_dag.py for tasks to queue
[2026-06-11T18:21:52.873+0000] {logging_mixin.py:188} INFO - [2026-06-11T18:21:52.873+0000] {dagbag.py:545} INFO - Filling up the DagBag from /opt/airflow/dags/ecommerce_pipeline_dag.py
[2026-06-11T18:21:52.910+0000] {processor.py:840} INFO - DAG(s) 'ecommerce_end_to_end_pipeline' retrieved from /opt/airflow/dags/ecommerce_pipeline_dag.py
[2026-06-11T18:21:52.911+0000] {logging_mixin.py:188} INFO - [2026-06-11T18:21:52.911+0000] {dagbag.py:545} INFO - Filling up the DagBag from /opt/airflow/dags/ecommerce_pipeline_dag.py
[2026-06-11T18:21:52.940+0000] {logging_mixin.py:188} INFO - [2026-06-11T18:21:52.940+0000] {processor.py:431} INFO - Running SLA Checks for ecommerce_end_to_end_pipeline
[2026-06-11T18:21:53.034+0000] {logging_mixin.py:188} INFO - [2026-06-11T18:21:53.034+0000] {dag.py:3089} INFO - Sync 1 DAGs
[2026-06-11T18:21:53.066+0000] {processor.py:183} INFO - Processing /opt/airflow/dags/ecommerce_pipeline_dag.py took 0.201 seconds
[2026-06-11T18:22:24.103+0000] {processor.py:161} INFO - Started process (PID=875) to work on /opt/airflow/dags/ecommerce_pipeline_dag.py
[2026-06-11T18:22:24.105+0000] {processor.py:830} INFO - Processing file /opt/airflow/dags/ecommerce_pipeline_dag.py for tasks to queue
[2026-06-11T18:22:24.106+0000] {logging_mixin.py:188} INFO - [2026-06-11T18:22:24.106+0000] {dagbag.py:545} INFO - Filling up the DagBag from /opt/airflow/dags/ecommerce_pipeline_dag.py
[2026-06-11T18:22:24.173+0000] {processor.py:840} INFO - DAG(s) 'ecommerce_end_to_end_pipeline' retrieved from /opt/airflow/dags/ecommerce_pipeline_dag.py
[2026-06-11T18:22:24.174+0000] {logging_mixin.py:188} INFO - [2026-06-11T18:22:24.173+0000] {dagbag.py:545} INFO - Filling up the DagBag from /opt/airflow/dags/ecommerce_pipeline_dag.py
[2026-06-11T18:22:24.237+0000] {logging_mixin.py:188} INFO - [2026-06-11T18:22:24.237+0000] {processor.py:431} INFO - Running SLA Checks for ecommerce_end_to_end_pipeline
[2026-06-11T18:22:24.470+0000] {logging_mixin.py:188} INFO - [2026-06-11T18:22:24.470+0000] {dag.py:3089} INFO - Sync 1 DAGs
[2026-06-11T18:22:24.497+0000] {processor.py:183} INFO - Processing /opt/airflow/dags/ecommerce_pipeline_dag.py took 0.398 seconds
[2026-06-11T18:22:55.203+0000] {processor.py:161} INFO - Started process (PID=902) to work on /opt/airflow/dags/ecommerce_pipeline_dag.py
[2026-06-11T18:22:55.205+0000] {processor.py:830} INFO - Processing file /opt/airflow/dags/ecommerce_pipeline_dag.py for tasks to queue
[2026-06-11T18:22:55.207+0000] {logging_mixin.py:188} INFO - [2026-06-11T18:22:55.206+0000] {dagbag.py:545} INFO - Filling up the DagBag from /opt/airflow/dags/ecommerce_pipeline_dag.py
[2026-06-11T18:22:55.287+0000] {processor.py:840} INFO - DAG(s) 'ecommerce_end_to_end_pipeline' retrieved from /opt/airflow/dags/ecommerce_pipeline_dag.py
[2026-06-11T18:22:55.289+0000] {logging_mixin.py:188} INFO - [2026-06-11T18:22:55.289+0000] {dagbag.py:545} INFO - Filling up the DagBag from /opt/airflow/dags/ecommerce_pipeline_dag.py
[2026-06-11T18:22:55.356+0000] {logging_mixin.py:188} INFO - [2026-06-11T18:22:55.356+0000] {processor.py:431} INFO - Running SLA Checks for ecommerce_end_to_end_pipeline
[2026-06-11T18:22:55.491+0000] {logging_mixin.py:188} INFO - [2026-06-11T18:22:55.490+0000] {dag.py:3089} INFO - Sync 1 DAGs
[2026-06-11T18:22:55.522+0000] {processor.py:183} INFO - Processing /opt/airflow/dags/ecommerce_pipeline_dag.py took 0.324 seconds
[2026-06-11T18:23:26.107+0000] {processor.py:161} INFO - Started process (PID=935) to work on /opt/airflow/dags/ecommerce_pipeline_dag.py
[2026-06-11T18:23:26.108+0000] {processor.py:830} INFO - Processing file /opt/airflow/dags/ecommerce_pipeline_dag.py for tasks to queue
[2026-06-11T18:23:26.109+0000] {logging_mixin.py:188} INFO - [2026-06-11T18:23:26.109+0000] {dagbag.py:545} INFO - Filling up the DagBag from /opt/airflow/dags/ecommerce_pipeline_dag.py
[2026-06-11T18:23:26.170+0000] {processor.py:840} INFO - DAG(s) 'ecommerce_end_to_end_pipeline' retrieved from /opt/airflow/dags/ecommerce_pipeline_dag.py
[2026-06-11T18:23:26.172+0000] {logging_mixin.py:188} INFO - [2026-06-11T18:23:26.171+0000] {dagbag.py:545} INFO - Filling up the DagBag from /opt/airflow/dags/ecommerce_pipeline_dag.py
[2026-06-11T18:23:26.236+0000] {logging_mixin.py:188} INFO - [2026-06-11T18:23:26.236+0000] {processor.py:431} INFO - Running SLA Checks for ecommerce_end_to_end_pipeline
[2026-06-11T18:23:26.362+0000] {logging_mixin.py:188} INFO - [2026-06-11T18:23:26.362+0000] {dag.py:3089} INFO - Sync 1 DAGs
[2026-06-11T18:23:26.387+0000] {processor.py:183} INFO - Processing /opt/airflow/dags/ecommerce_pipeline_dag.py took 0.285 seconds
[2026-06-11T18:23:56.902+0000] {processor.py:161} INFO - Started process (PID=962) to work on /opt/airflow/dags/ecommerce_pipeline_dag.py
[2026-06-11T18:23:56.903+0000] {processor.py:830} INFO - Processing file /opt/airflow/dags/ecommerce_pipeline_dag.py for tasks to queue
[2026-06-11T18:23:56.906+0000] {logging_mixin.py:188} INFO - [2026-06-11T18:23:56.906+0000] {dagbag.py:545} INFO - Filling up the DagBag from /opt/airflow/dags/ecommerce_pipeline_dag.py
[2026-06-11T18:23:57.064+0000] {processor.py:840} INFO - DAG(s) 'ecommerce_end_to_end_pipeline' retrieved from /opt/airflow/dags/ecommerce_pipeline_dag.py
[2026-06-11T18:23:57.067+0000] {logging_mixin.py:188} INFO - [2026-06-11T18:23:57.067+0000] {dagbag.py:545} INFO - Filling up the DagBag from /opt/airflow/dags/ecommerce_pipeline_dag.py
[2026-06-11T18:23:57.160+0000] {logging_mixin.py:188} INFO - [2026-06-11T18:23:57.160+0000] {processor.py:431} INFO - Running SLA Checks for ecommerce_end_to_end_pipeline
[2026-06-11T18:23:57.284+0000] {logging_mixin.py:188} INFO - [2026-06-11T18:23:57.284+0000] {dag.py:3089} INFO - Sync 1 DAGs
[2026-06-11T18:23:57.311+0000] {processor.py:183} INFO - Processing /opt/airflow/dags/ecommerce_pipeline_dag.py took 0.413 seconds
[2026-06-11T18:24:28.393+0000] {processor.py:161} INFO - Started process (PID=989) to work on /opt/airflow/dags/ecommerce_pipeline_dag.py
[2026-06-11T18:24:28.395+0000] {processor.py:830} INFO - Processing file /opt/airflow/dags/ecommerce_pipeline_dag.py for tasks to queue
[2026-06-11T18:24:28.398+0000] {logging_mixin.py:188} INFO - [2026-06-11T18:24:28.398+0000] {dagbag.py:545} INFO - Filling up the DagBag from /opt/airflow/dags/ecommerce_pipeline_dag.py
[2026-06-11T18:24:28.453+0000] {processor.py:840} INFO - DAG(s) 'ecommerce_end_to_end_pipeline' retrieved from /opt/airflow/dags/ecommerce_pipeline_dag.py
[2026-06-11T18:24:28.454+0000] {logging_mixin.py:188} INFO - [2026-06-11T18:24:28.454+0000] {dagbag.py:545} INFO - Filling up the DagBag from /opt/airflow/dags/ecommerce_pipeline_dag.py
[2026-06-11T18:24:28.502+0000] {logging_mixin.py:188} INFO - [2026-06-11T18:24:28.502+0000] {processor.py:431} INFO - Running SLA Checks for ecommerce_end_to_end_pipeline
[2026-06-11T18:24:28.590+0000] {logging_mixin.py:188} INFO - [2026-06-11T18:24:28.590+0000] {dag.py:3089} INFO - Sync 1 DAGs
[2026-06-11T18:24:28.619+0000] {processor.py:183} INFO - Processing /opt/airflow/dags/ecommerce_pipeline_dag.py took 0.233 seconds
[2026-06-11T18:24:59.511+0000] {processor.py:161} INFO - Started process (PID=1010) to work on /opt/airflow/dags/ecommerce_pipeline_dag.py
[2026-06-11T18:24:59.513+0000] {processor.py:830} INFO - Processing file /opt/airflow/dags/ecommerce_pipeline_dag.py for tasks to queue
[2026-06-11T18:24:59.515+0000] {logging_mixin.py:188} INFO - [2026-06-11T18:24:59.515+0000] {dagbag.py:545} INFO - Filling up the DagBag from /opt/airflow/dags/ecommerce_pipeline_dag.py
[2026-06-11T18:24:59.557+0000] {processor.py:840} INFO - DAG(s) 'ecommerce_end_to_end_pipeline' retrieved from /opt/airflow/dags/ecommerce_pipeline_dag.py
[2026-06-11T18:24:59.558+0000] {logging_mixin.py:188} INFO - [2026-06-11T18:24:59.558+0000] {dagbag.py:545} INFO - Filling up the DagBag from /opt/airflow/dags/ecommerce_pipeline_dag.py
[2026-06-11T18:24:59.608+0000] {logging_mixin.py:188} INFO - [2026-06-11T18:24:59.608+0000] {processor.py:431} INFO - Running SLA Checks for ecommerce_end_to_end_pipeline
[2026-06-11T18:24:59.677+0000] {logging_mixin.py:188} INFO - [2026-06-11T18:24:59.676+0000] {dag.py:3089} INFO - Sync 1 DAGs
[2026-06-11T18:24:59.703+0000] {processor.py:183} INFO - Processing /opt/airflow/dags/ecommerce_pipeline_dag.py took 0.199 seconds
[2026-06-11T18:25:30.600+0000] {processor.py:161} INFO - Started process (PID=1037) to work on /opt/airflow/dags/ecommerce_pipeline_dag.py
[2026-06-11T18:25:30.602+0000] {processor.py:830} INFO - Processing file /opt/airflow/dags/ecommerce_pipeline_dag.py for tasks to queue
[2026-06-11T18:25:30.605+0000] {logging_mixin.py:188} INFO - [2026-06-11T18:25:30.605+0000] {dagbag.py:545} INFO - Filling up the DagBag from /opt/airflow/dags/ecommerce_pipeline_dag.py
[2026-06-11T18:25:30.700+0000] {processor.py:840} INFO - DAG(s) 'ecommerce_end_to_end_pipeline' retrieved from /opt/airflow/dags/ecommerce_pipeline_dag.py
[2026-06-11T18:25:30.702+0000] {logging_mixin.py:188} INFO - [2026-06-11T18:25:30.702+0000] {dagbag.py:545} INFO - Filling up the DagBag from /opt/airflow/dags/ecommerce_pipeline_dag.py
[2026-06-11T18:25:30.844+0000] {logging_mixin.py:188} INFO - [2026-06-11T18:25:30.844+0000] {processor.py:431} INFO - Running SLA Checks for ecommerce_end_to_end_pipeline
[2026-06-11T18:25:30.968+0000] {logging_mixin.py:188} INFO - [2026-06-11T18:25:30.968+0000] {dag.py:3089} INFO - Sync 1 DAGs
[2026-06-11T18:25:30.994+0000] {processor.py:183} INFO - Processing /opt/airflow/dags/ecommerce_pipeline_dag.py took 0.398 seconds
[2026-06-11T18:26:01.948+0000] {processor.py:161} INFO - Started process (PID=1070) to work on /opt/airflow/dags/ecommerce_pipeline_dag.py
[2026-06-11T18:26:01.950+0000] {processor.py:830} INFO - Processing file /opt/airflow/dags/ecommerce_pipeline_dag.py for tasks to queue
[2026-06-11T18:26:01.954+0000] {logging_mixin.py:188} INFO - [2026-06-11T18:26:01.954+0000] {dagbag.py:545} INFO - Filling up the DagBag from /opt/airflow/dags/ecommerce_pipeline_dag.py
[2026-06-11T18:26:02.086+0000] {processor.py:840} INFO - DAG(s) 'ecommerce_end_to_end_pipeline' retrieved from /opt/airflow/dags/ecommerce_pipeline_dag.py
[2026-06-11T18:26:02.089+0000] {logging_mixin.py:188} INFO - [2026-06-11T18:26:02.089+0000] {dagbag.py:545} INFO - Filling up the DagBag from /opt/airflow/dags/ecommerce_pipeline_dag.py
[2026-06-11T18:26:02.193+0000] {logging_mixin.py:188} INFO - [2026-06-11T18:26:02.193+0000] {processor.py:431} INFO - Running SLA Checks for ecommerce_end_to_end_pipeline
[2026-06-11T18:26:02.454+0000] {logging_mixin.py:188} INFO - [2026-06-11T18:26:02.454+0000] {dag.py:3089} INFO - Sync 1 DAGs
[2026-06-11T18:26:02.489+0000] {processor.py:183} INFO - Processing /opt/airflow/dags/ecommerce_pipeline_dag.py took 0.546 seconds
[2026-06-11T18:26:33.201+0000] {processor.py:161} INFO - Started process (PID=1085) to work on /opt/airflow/dags/ecommerce_pipeline_dag.py
[2026-06-11T18:26:33.204+0000] {processor.py:830} INFO - Processing file /opt/airflow/dags/ecommerce_pipeline_dag.py for tasks to queue
[2026-06-11T18:26:33.208+0000] {logging_mixin.py:188} INFO - [2026-06-11T18:26:33.208+0000] {dagbag.py:545} INFO - Filling up the DagBag from /opt/airflow/dags/ecommerce_pipeline_dag.py
[2026-06-11T18:26:33.370+0000] {processor.py:840} INFO - DAG(s) 'ecommerce_end_to_end_pipeline' retrieved from /opt/airflow/dags/ecommerce_pipeline_dag.py
[2026-06-11T18:26:33.372+0000] {logging_mixin.py:188} INFO - [2026-06-11T18:26:33.371+0000] {dagbag.py:545} INFO - Filling up the DagBag from /opt/airflow/dags/ecommerce_pipeline_dag.py
[2026-06-11T18:26:33.506+0000] {logging_mixin.py:188} INFO - [2026-06-11T18:26:33.506+0000] {processor.py:431} INFO - Running SLA Checks for ecommerce_end_to_end_pipeline
[2026-06-11T18:26:33.666+0000] {logging_mixin.py:188} INFO - [2026-06-11T18:26:33.666+0000] {dag.py:3089} INFO - Sync 1 DAGs
[2026-06-11T18:26:33.692+0000] {processor.py:183} INFO - Processing /opt/airflow/dags/ecommerce_pipeline_dag.py took 0.497 seconds
[2026-06-11T18:27:04.243+0000] {processor.py:161} INFO - Started process (PID=180) to work on /opt/airflow/dags/ecommerce_pipeline_dag.py
[2026-06-11T18:27:04.245+0000] {processor.py:830} INFO - Processing file /opt/airflow/dags/ecommerce_pipeline_dag.py for tasks to queue
[2026-06-11T18:27:04.251+0000] {logging_mixin.py:188} INFO - [2026-06-11T18:27:04.250+0000] {dagbag.py:545} INFO - Filling up the DagBag from /opt/airflow/dags/ecommerce_pipeline_dag.py
[2026-06-11T18:27:04.330+0000] {processor.py:840} INFO - DAG(s) 'ecommerce_end_to_end_pipeline' retrieved from /opt/airflow/dags/ecommerce_pipeline_dag.py
[2026-06-11T18:27:04.373+0000] {logging_mixin.py:188} INFO - [2026-06-11T18:27:04.373+0000] {dag.py:3089} INFO - Sync 1 DAGs
[2026-06-11T18:27:04.421+0000] {processor.py:183} INFO - Processing /opt/airflow/dags/ecommerce_pipeline_dag.py took 0.193 seconds
[2026-06-11T18:27:35.112+0000] {processor.py:161} INFO - Started process (PID=195) to work on /opt/airflow/dags/ecommerce_pipeline_dag.py
[2026-06-11T18:27:35.114+0000] {processor.py:830} INFO - Processing file /opt/airflow/dags/ecommerce_pipeline_dag.py for tasks to queue
[2026-06-11T18:27:35.116+0000] {logging_mixin.py:188} INFO - [2026-06-11T18:27:35.116+0000] {dagbag.py:545} INFO - Filling up the DagBag from /opt/airflow/dags/ecommerce_pipeline_dag.py
[2026-06-11T18:27:35.193+0000] {processor.py:840} INFO - DAG(s) 'ecommerce_end_to_end_pipeline' retrieved from /opt/airflow/dags/ecommerce_pipeline_dag.py
[2026-06-11T18:27:35.194+0000] {logging_mixin.py:188} INFO - [2026-06-11T18:27:35.194+0000] {dagbag.py:545} INFO - Filling up the DagBag from /opt/airflow/dags/ecommerce_pipeline_dag.py
[2026-06-11T18:27:35.288+0000] {logging_mixin.py:188} INFO - [2026-06-11T18:27:35.288+0000] {processor.py:431} INFO - Running SLA Checks for ecommerce_end_to_end_pipeline
[2026-06-11T18:27:35.305+0000] {logging_mixin.py:188} INFO - [2026-06-11T18:27:35.305+0000] {dagbag.py:545} INFO - Filling up the DagBag from /opt/airflow/dags/ecommerce_pipeline_dag.py
[2026-06-11T18:27:35.411+0000] {logging_mixin.py:188} INFO - [2026-06-11T18:27:35.411+0000] {processor.py:431} INFO - Running SLA Checks for ecommerce_end_to_end_pipeline
[2026-06-11T18:27:35.706+0000] {logging_mixin.py:188} INFO - [2026-06-11T18:27:35.706+0000] {dag.py:3089} INFO - Sync 1 DAGs
[2026-06-11T18:27:35.729+0000] {processor.py:183} INFO - Processing /opt/airflow/dags/ecommerce_pipeline_dag.py took 0.622 seconds
[2026-06-11T18:28:06.536+0000] {processor.py:161} INFO - Started process (PID=210) to work on /opt/airflow/dags/ecommerce_pipeline_dag.py
[2026-06-11T18:28:06.538+0000] {processor.py:830} INFO - Processing file /opt/airflow/dags/ecommerce_pipeline_dag.py for tasks to queue
[2026-06-11T18:28:06.541+0000] {logging_mixin.py:188} INFO - [2026-06-11T18:28:06.541+0000] {dagbag.py:545} INFO - Filling up the DagBag from /opt/airflow/dags/ecommerce_pipeline_dag.py
[2026-06-11T18:28:06.671+0000] {processor.py:840} INFO - DAG(s) 'ecommerce_end_to_end_pipeline' retrieved from /opt/airflow/dags/ecommerce_pipeline_dag.py
[2026-06-11T18:28:06.672+0000] {logging_mixin.py:188} INFO - [2026-06-11T18:28:06.672+0000] {dagbag.py:545} INFO - Filling up the DagBag from /opt/airflow/dags/ecommerce_pipeline_dag.py
[2026-06-11T18:28:06.713+0000] {logging_mixin.py:188} INFO - [2026-06-11T18:28:06.713+0000] {processor.py:431} INFO - Running SLA Checks for ecommerce_end_to_end_pipeline
[2026-06-11T18:28:06.857+0000] {logging_mixin.py:188} INFO - [2026-06-11T18:28:06.857+0000] {dag.py:3089} INFO - Sync 1 DAGs
[2026-06-11T18:28:06.987+0000] {processor.py:183} INFO - Processing /opt/airflow/dags/ecommerce_pipeline_dag.py took 0.457 seconds
[2026-06-11T18:28:37.684+0000] {processor.py:161} INFO - Started process (PID=225) to work on /opt/airflow/dags/ecommerce_pipeline_dag.py
[2026-06-11T18:28:37.686+0000] {processor.py:830} INFO - Processing file /opt/airflow/dags/ecommerce_pipeline_dag.py for tasks to queue
[2026-06-11T18:28:37.687+0000] {logging_mixin.py:188} INFO - [2026-06-11T18:28:37.687+0000] {dagbag.py:545} INFO - Filling up the DagBag from /opt/airflow/dags/ecommerce_pipeline_dag.py
[2026-06-11T18:28:37.747+0000] {processor.py:840} INFO - DAG(s) 'ecommerce_end_to_end_pipeline' retrieved from /opt/airflow/dags/ecommerce_pipeline_dag.py
[2026-06-11T18:28:37.748+0000] {logging_mixin.py:188} INFO - [2026-06-11T18:28:37.748+0000] {dagbag.py:545} INFO - Filling up the DagBag from /opt/airflow/dags/ecommerce_pipeline_dag.py
[2026-06-11T18:28:37.789+0000] {logging_mixin.py:188} INFO - [2026-06-11T18:28:37.789+0000] {processor.py:431} INFO - Running SLA Checks for ecommerce_end_to_end_pipeline
[2026-06-11T18:28:37.860+0000] {logging_mixin.py:188} INFO - [2026-06-11T18:28:37.860+0000] {dag.py:3089} INFO - Sync 1 DAGs
[2026-06-11T18:28:37.985+0000] {processor.py:183} INFO - Processing /opt/airflow/dags/ecommerce_pipeline_dag.py took 0.306 seconds
[2026-06-11T18:29:08.302+0000] {processor.py:161} INFO - Started process (PID=245) to work on /opt/airflow/dags/ecommerce_pipeline_dag.py
[2026-06-11T18:29:08.304+0000] {processor.py:830} INFO - Processing file /opt/airflow/dags/ecommerce_pipeline_dag.py for tasks to queue
[2026-06-11T18:29:08.305+0000] {logging_mixin.py:188} INFO - [2026-06-11T18:29:08.305+0000] {dagbag.py:545} INFO - Filling up the DagBag from /opt/airflow/dags/ecommerce_pipeline_dag.py
[2026-06-11T18:29:08.357+0000] {processor.py:840} INFO - DAG(s) 'ecommerce_end_to_end_pipeline' retrieved from /opt/airflow/dags/ecommerce_pipeline_dag.py
[2026-06-11T18:29:08.359+0000] {logging_mixin.py:188} INFO - [2026-06-11T18:29:08.358+0000] {dagbag.py:545} INFO - Filling up the DagBag from /opt/airflow/dags/ecommerce_pipeline_dag.py
[2026-06-11T18:29:08.394+0000] {logging_mixin.py:188} INFO - [2026-06-11T18:29:08.394+0000] {processor.py:431} INFO - Running SLA Checks for ecommerce_end_to_end_pipeline
[2026-06-11T18:29:08.605+0000] {logging_mixin.py:188} INFO - [2026-06-11T18:29:08.605+0000] {dag.py:3089} INFO - Sync 1 DAGs
[2026-06-11T18:29:08.634+0000] {processor.py:183} INFO - Processing /opt/airflow/dags/ecommerce_pipeline_dag.py took 0.335 seconds
[2026-06-11T18:29:39.268+0000] {processor.py:161} INFO - Started process (PID=661) to work on /opt/airflow/dags/ecommerce_pipeline_dag.py
[2026-06-11T18:29:39.270+0000] {processor.py:830} INFO - Processing file /opt/airflow/dags/ecommerce_pipeline_dag.py for tasks to queue
[2026-06-11T18:29:39.272+0000] {logging_mixin.py:188} INFO - [2026-06-11T18:29:39.272+0000] {dagbag.py:545} INFO - Filling up the DagBag from /opt/airflow/dags/ecommerce_pipeline_dag.py
[2026-06-11T18:29:39.348+0000] {processor.py:840} INFO - DAG(s) 'ecommerce_end_to_end_pipeline' retrieved from /opt/airflow/dags/ecommerce_pipeline_dag.py
[2026-06-11T18:29:39.349+0000] {logging_mixin.py:188} INFO - [2026-06-11T18:29:39.349+0000] {dagbag.py:545} INFO - Filling up the DagBag from /opt/airflow/dags/ecommerce_pipeline_dag.py
[2026-06-11T18:29:39.403+0000] {logging_mixin.py:188} INFO - [2026-06-11T18:29:39.403+0000] {processor.py:431} INFO - Running SLA Checks for ecommerce_end_to_end_pipeline
[2026-06-11T18:29:39.611+0000] {logging_mixin.py:188} INFO - [2026-06-11T18:29:39.611+0000] {dag.py:3089} INFO - Sync 1 DAGs
[2026-06-11T18:29:39.632+0000] {processor.py:183} INFO - Processing /opt/airflow/dags/ecommerce_pipeline_dag.py took 0.369 seconds
