[2026-06-11T18:10:03.048+0000] {manager.py:470} INFO - Processing files using up to 2 processes at a time 
[2026-06-11T18:10:03.052+0000] {manager.py:471} INFO - Process each file at most once every 30 seconds
[2026-06-11T18:10:03.056+0000] {manager.py:472} INFO - Checking for new files in /opt/airflow/dags every 300 seconds
[2026-06-11T18:10:03.058+0000] {manager.py:737} INFO - Searching for files in /opt/airflow/dags
[2026-06-11T18:10:03.216+0000] {manager.py:740} INFO - There are 3 files in /opt/airflow/dags
[2026-06-11T18:10:03.337+0000] {manager.py:878} INFO - 
================================================================================
DAG File Processing Stats

File Path                                      PID  Runtime      # DAGs    # Errors  Last Runtime    Last Run
-------------------------------------------  -----  ---------  --------  ----------  --------------  ----------
/opt/airflow/dags/cdc_daily_dag.py             183  0.03s             0           0
/opt/airflow/dags/common_callbacks.py                                 0           0
/opt/airflow/dags/ecommerce_pipeline_dag.py    180  0.06s             0           0
================================================================================
[2026-06-11T18:10:33.478+0000] {manager.py:878} INFO - 
================================================================================
DAG File Processing Stats

File Path                                    PID    Runtime      # DAGs    # Errors  Last Runtime    Last Run
-------------------------------------------  -----  ---------  --------  ----------  --------------  -------------------
/opt/airflow/dags/ecommerce_pipeline_dag.py                           1           0  0.60s           2026-06-11T18:10:03
/opt/airflow/dags/cdc_daily_dag.py                                    1           0  0.60s           2026-06-11T18:10:03
/opt/airflow/dags/common_callbacks.py                                 0           0  0.12s           2026-06-11T18:10:04
================================================================================
[2026-06-11T18:11:04.158+0000] {manager.py:878} INFO - 
================================================================================
DAG File Processing Stats

File Path                                    PID    Runtime      # DAGs    # Errors  Last Runtime    Last Run
-------------------------------------------  -----  ---------  --------  ----------  --------------  -------------------
/opt/airflow/dags/ecommerce_pipeline_dag.py                           1           0  0.21s           2026-06-11T18:10:34
/opt/airflow/dags/cdc_daily_dag.py                                    1           0  0.19s           2026-06-11T18:10:34
/opt/airflow/dags/common_callbacks.py                                 0           0  0.08s           2026-06-11T18:10:34
================================================================================
[2026-06-11T18:11:34.712+0000] {manager.py:878} INFO - 
================================================================================
DAG File Processing Stats

File Path                                    PID    Runtime      # DAGs    # Errors  Last Runtime    Last Run
-------------------------------------------  -----  ---------  --------  ----------  --------------  -------------------
/opt/airflow/dags/ecommerce_pipeline_dag.py                           1           0  0.22s           2026-06-11T18:11:05
/opt/airflow/dags/cdc_daily_dag.py                                    1           0  0.17s           2026-06-11T18:11:05
/opt/airflow/dags/common_callbacks.py                                 0           0  0.10s           2026-06-11T18:11:05
================================================================================
[2026-06-11T18:12:04.795+0000] {manager.py:878} INFO - 
================================================================================
DAG File Processing Stats

File Path                                    PID    Runtime      # DAGs    # Errors  Last Runtime    Last Run
-------------------------------------------  -----  ---------  --------  ----------  --------------  -------------------
/opt/airflow/dags/ecommerce_pipeline_dag.py                           1           0  0.21s           2026-06-11T18:11:35
/opt/airflow/dags/cdc_daily_dag.py                                    1           0  0.16s           2026-06-11T18:11:35
/opt/airflow/dags/common_callbacks.py                                 0           0  0.09s           2026-06-11T18:11:36
================================================================================
[2026-06-11T18:12:35.073+0000] {manager.py:878} INFO - 
================================================================================
DAG File Processing Stats

File Path                                    PID    Runtime      # DAGs    # Errors  Last Runtime    Last Run
-------------------------------------------  -----  ---------  --------  ----------  --------------  -------------------
/opt/airflow/dags/ecommerce_pipeline_dag.py                           1           0  0.45s           2026-06-11T18:12:07
/opt/airflow/dags/cdc_daily_dag.py                                    1           0  0.23s           2026-06-11T18:12:07
/opt/airflow/dags/common_callbacks.py                                 0           0  0.09s           2026-06-11T18:12:07
================================================================================
[2026-06-11T18:13:05.315+0000] {manager.py:878} INFO - 
================================================================================
DAG File Processing Stats

File Path                                    PID    Runtime      # DAGs    # Errors  Last Runtime    Last Run
-------------------------------------------  -----  ---------  --------  ----------  --------------  -------------------
/opt/airflow/dags/cdc_daily_dag.py                                    1           0  0.34s           2026-06-11T18:12:37
/opt/airflow/dags/ecommerce_pipeline_dag.py                           1           0  0.25s           2026-06-11T18:12:37
/opt/airflow/dags/common_callbacks.py                                 0           0  0.04s           2026-06-11T18:12:37
================================================================================
[2026-06-11T18:13:35.550+0000] {manager.py:878} INFO - 
================================================================================
DAG File Processing Stats

File Path                                    PID    Runtime      # DAGs    # Errors  Last Runtime    Last Run
-------------------------------------------  -----  ---------  --------  ----------  --------------  -------------------
/opt/airflow/dags/ecommerce_pipeline_dag.py                           1           0  0.40s           2026-06-11T18:13:08
/opt/airflow/dags/cdc_daily_dag.py                                    1           0  0.35s           2026-06-11T18:13:08
/opt/airflow/dags/common_callbacks.py                                 0           0  0.05s           2026-06-11T18:13:08
================================================================================
[2026-06-11T18:14:05.672+0000] {manager.py:878} INFO - 
================================================================================
DAG File Processing Stats

File Path                                    PID    Runtime      # DAGs    # Errors  Last Runtime    Last Run
-------------------------------------------  -----  ---------  --------  ----------  --------------  -------------------
/opt/airflow/dags/ecommerce_pipeline_dag.py                           1           0  0.30s           2026-06-11T18:13:40
/opt/airflow/dags/cdc_daily_dag.py                                    1           0  0.24s           2026-06-11T18:13:40
/opt/airflow/dags/common_callbacks.py                                 0           0  0.09s           2026-06-11T18:13:40
================================================================================
[2026-06-11T18:14:35.997+0000] {manager.py:878} INFO - 
================================================================================
DAG File Processing Stats

File Path                                    PID    Runtime      # DAGs    # Errors  Last Runtime    Last Run
-------------------------------------------  -----  ---------  --------  ----------  --------------  -------------------
/opt/airflow/dags/ecommerce_pipeline_dag.py                           1           0  0.26s           2026-06-11T18:14:11
/opt/airflow/dags/cdc_daily_dag.py                                    1           0  0.21s           2026-06-11T18:14:11
/opt/airflow/dags/common_callbacks.py                                 0           0  0.10s           2026-06-11T18:14:11
================================================================================
[2026-06-11T18:15:03.148+0000] {manager.py:737} INFO - Searching for files in /opt/airflow/dags
[2026-06-11T18:15:03.684+0000] {manager.py:740} INFO - There are 3 files in /opt/airflow/dags
[2026-06-11T18:15:06.202+0000] {manager.py:878} INFO - 
================================================================================
DAG File Processing Stats

File Path                                    PID    Runtime      # DAGs    # Errors  Last Runtime    Last Run
-------------------------------------------  -----  ---------  --------  ----------  --------------  -------------------
/opt/airflow/dags/ecommerce_pipeline_dag.py                           1           0  0.20s           2026-06-11T18:14:42
/opt/airflow/dags/cdc_daily_dag.py                                    1           0  0.15s           2026-06-11T18:14:42
/opt/airflow/dags/common_callbacks.py                                 0           0  0.08s           2026-06-11T18:14:42
================================================================================
[2026-06-11T18:15:36.324+0000] {manager.py:878} INFO - 
================================================================================
DAG File Processing Stats

File Path                                    PID    Runtime      # DAGs    # Errors  Last Runtime    Last Run
-------------------------------------------  -----  ---------  --------  ----------  --------------  -------------------
/opt/airflow/dags/ecommerce_pipeline_dag.py                           1           0  0.52s           2026-06-11T18:15:12
/opt/airflow/dags/cdc_daily_dag.py                                    1           0  0.36s           2026-06-11T18:15:12
/opt/airflow/dags/common_callbacks.py                                 0           0  0.18s           2026-06-11T18:15:13
================================================================================
[2026-06-11T18:16:06.412+0000] {manager.py:878} INFO - 
================================================================================
DAG File Processing Stats

File Path                                    PID    Runtime      # DAGs    # Errors  Last Runtime    Last Run
-------------------------------------------  -----  ---------  --------  ----------  --------------  -------------------
/opt/airflow/dags/ecommerce_pipeline_dag.py                           1           0  0.28s           2026-06-11T18:15:43
/opt/airflow/dags/cdc_daily_dag.py                                    1           0  0.20s           2026-06-11T18:15:43
/opt/airflow/dags/common_callbacks.py                                 0           0  0.08s           2026-06-11T18:15:43
================================================================================
[2026-06-11T18:16:36.523+0000] {manager.py:878} INFO - 
================================================================================
DAG File Processing Stats

File Path                                    PID    Runtime      # DAGs    # Errors  Last Runtime    Last Run
-------------------------------------------  -----  ---------  --------  ----------  --------------  -------------------
/opt/airflow/dags/ecommerce_pipeline_dag.py                           1           0  0.30s           2026-06-11T18:16:14
/opt/airflow/dags/cdc_daily_dag.py                                    1           0  0.15s           2026-06-11T18:16:14
/opt/airflow/dags/common_callbacks.py                                 0           0  0.08s           2026-06-11T18:16:14
================================================================================
[2026-06-11T18:17:06.661+0000] {manager.py:878} INFO - 
================================================================================
DAG File Processing Stats

File Path                                    PID    Runtime      # DAGs    # Errors  Last Runtime    Last Run
-------------------------------------------  -----  ---------  --------  ----------  --------------  -------------------
/opt/airflow/dags/ecommerce_pipeline_dag.py                           1           0  0.29s           2026-06-11T18:16:44
/opt/airflow/dags/cdc_daily_dag.py                                    1           0  0.17s           2026-06-11T18:16:44
/opt/airflow/dags/common_callbacks.py                                 0           0  0.08s           2026-06-11T18:16:44
================================================================================
[2026-06-11T18:17:36.811+0000] {manager.py:878} INFO - 
================================================================================
DAG File Processing Stats

File Path                                    PID    Runtime      # DAGs    # Errors  Last Runtime    Last Run
-------------------------------------------  -----  ---------  --------  ----------  --------------  -------------------
/opt/airflow/dags/ecommerce_pipeline_dag.py                           1           0  0.30s           2026-06-11T18:17:15
/opt/airflow/dags/cdc_daily_dag.py                                    1           0  0.26s           2026-06-11T18:17:14
/opt/airflow/dags/common_callbacks.py                                 0           0  0.11s           2026-06-11T18:17:14
================================================================================
[2026-06-11T18:18:06.908+0000] {manager.py:878} INFO - 
================================================================================
DAG File Processing Stats

File Path                                    PID    Runtime      # DAGs    # Errors  Last Runtime    Last Run
-------------------------------------------  -----  ---------  --------  ----------  --------------  -------------------
/opt/airflow/dags/ecommerce_pipeline_dag.py                           1           0  0.53s           2026-06-11T18:17:46
/opt/airflow/dags/cdc_daily_dag.py                                    1           0  0.24s           2026-06-11T18:17:44
/opt/airflow/dags/common_callbacks.py                                 0           0  0.10s           2026-06-11T18:17:44
================================================================================
[2026-06-11T18:18:36.989+0000] {manager.py:878} INFO - 
================================================================================
DAG File Processing Stats

File Path                                    PID    Runtime      # DAGs    # Errors  Last Runtime    Last Run
-------------------------------------------  -----  ---------  --------  ----------  --------------  -------------------
/opt/airflow/dags/ecommerce_pipeline_dag.py                           1           0  0.60s           2026-06-11T18:18:17
/opt/airflow/dags/cdc_daily_dag.py                                    1           0  0.25s           2026-06-11T18:18:15
/opt/airflow/dags/common_callbacks.py                                 0           0  0.06s           2026-06-11T18:18:14
================================================================================
[2026-06-11T18:19:07.083+0000] {manager.py:878} INFO - 
================================================================================
DAG File Processing Stats

File Path                                    PID    Runtime      # DAGs    # Errors  Last Runtime    Last Run
-------------------------------------------  -----  ---------  --------  ----------  --------------  -------------------
/opt/airflow/dags/ecommerce_pipeline_dag.py                           1           0  0.29s           2026-06-11T18:18:48
/opt/airflow/dags/cdc_daily_dag.py                                    1           0  0.14s           2026-06-11T18:18:46
/opt/airflow/dags/common_callbacks.py                                 0           0  0.11s           2026-06-11T18:18:45
================================================================================
[2026-06-11T18:19:37.206+0000] {manager.py:878} INFO - 
================================================================================
DAG File Processing Stats

File Path                                    PID    Runtime      # DAGs    # Errors  Last Runtime    Last Run
-------------------------------------------  -----  ---------  --------  ----------  --------------  -------------------
/opt/airflow/dags/ecommerce_pipeline_dag.py                           1           0  0.43s           2026-06-11T18:19:18
/opt/airflow/dags/cdc_daily_dag.py                                    1           0  0.20s           2026-06-11T18:19:16
/opt/airflow/dags/common_callbacks.py                                 0           0  0.08s           2026-06-11T18:19:15
================================================================================
[2026-06-11T18:20:03.162+0000] {manager.py:737} INFO - Searching for files in /opt/airflow/dags
[2026-06-11T18:20:03.666+0000] {manager.py:740} INFO - There are 3 files in /opt/airflow/dags
[2026-06-11T18:20:07.393+0000] {manager.py:878} INFO - 
================================================================================
DAG File Processing Stats

File Path                                    PID    Runtime      # DAGs    # Errors  Last Runtime    Last Run
-------------------------------------------  -----  ---------  --------  ----------  --------------  -------------------
/opt/airflow/dags/cdc_daily_dag.py                                    1           0  0.48s           2026-06-11T18:19:47
/opt/airflow/dags/ecommerce_pipeline_dag.py                           1           0  0.30s           2026-06-11T18:19:49
/opt/airflow/dags/common_callbacks.py                                 0           0  0.06s           2026-06-11T18:19:45
================================================================================
[2026-06-11T18:20:37.459+0000] {manager.py:878} INFO - 
================================================================================
DAG File Processing Stats

File Path                                    PID    Runtime      # DAGs    # Errors  Last Runtime    Last Run
-------------------------------------------  -----  ---------  --------  ----------  --------------  -------------------
/opt/airflow/dags/ecommerce_pipeline_dag.py                           1           0  0.31s           2026-06-11T18:20:20
/opt/airflow/dags/cdc_daily_dag.py                                    1           0  0.12s           2026-06-11T18:20:18
/opt/airflow/dags/common_callbacks.py                                 0           0  0.10s           2026-06-11T18:20:16
================================================================================
[2026-06-11T18:21:07.579+0000] {manager.py:878} INFO - 
================================================================================
DAG File Processing Stats

File Path                                    PID    Runtime      # DAGs    # Errors  Last Runtime    Last Run
-------------------------------------------  -----  ---------  --------  ----------  --------------  -------------------
/opt/airflow/dags/ecommerce_pipeline_dag.py                           1           0  0.74s           2026-06-11T18:20:51
/opt/airflow/dags/cdc_daily_dag.py                                    1           0  0.45s           2026-06-11T18:20:48
/opt/airflow/dags/common_callbacks.py                                 0           0  0.06s           2026-06-11T18:20:46
================================================================================
[2026-06-11T18:21:37.684+0000] {manager.py:878} INFO - 
================================================================================
DAG File Processing Stats

File Path                                    PID    Runtime      # DAGs    # Errors  Last Runtime    Last Run
-------------------------------------------  -----  ---------  --------  ----------  --------------  -------------------
/opt/airflow/dags/ecommerce_pipeline_dag.py                           1           0  0.58s           2026-06-11T18:21:22
/opt/airflow/dags/cdc_daily_dag.py                                    1           0  0.44s           2026-06-11T18:21:19
/opt/airflow/dags/common_callbacks.py                                 0           0  0.17s           2026-06-11T18:21:16
================================================================================
[2026-06-11T18:22:07.782+0000] {manager.py:878} INFO - 
================================================================================
DAG File Processing Stats

File Path                                    PID    Runtime      # DAGs    # Errors  Last Runtime    Last Run
-------------------------------------------  -----  ---------  --------  ----------  --------------  -------------------
/opt/airflow/dags/ecommerce_pipeline_dag.py                           1           0  0.24s           2026-06-11T18:21:53
/opt/airflow/dags/cdc_daily_dag.py                                    1           0  0.12s           2026-06-11T18:21:49
/opt/airflow/dags/common_callbacks.py                                 0           0  0.10s           2026-06-11T18:21:46
================================================================================
[2026-06-11T18:22:37.917+0000] {manager.py:878} INFO - 
================================================================================
DAG File Processing Stats

File Path                                    PID    Runtime      # DAGs    # Errors  Last Runtime    Last Run
-------------------------------------------  -----  ---------  --------  ----------  --------------  -------------------
/opt/airflow/dags/ecommerce_pipeline_dag.py                           1           0  0.46s           2026-06-11T18:22:24
/opt/airflow/dags/cdc_daily_dag.py                                    1           0  0.25s           2026-06-11T18:22:20
/opt/airflow/dags/common_callbacks.py                                 0           0  0.17s           2026-06-11T18:22:17
================================================================================
[2026-06-11T18:23:08.002+0000] {manager.py:878} INFO - 
================================================================================
DAG File Processing Stats

File Path                                    PID    Runtime      # DAGs    # Errors  Last Runtime    Last Run
-------------------------------------------  -----  ---------  --------  ----------  --------------  -------------------
/opt/airflow/dags/ecommerce_pipeline_dag.py                           1           0  0.39s           2026-06-11T18:22:55
/opt/airflow/dags/cdc_daily_dag.py                                    1           0  0.23s           2026-06-11T18:22:50
/opt/airflow/dags/common_callbacks.py                                 0           0  0.13s           2026-06-11T18:22:48
================================================================================
[2026-06-11T18:23:38.111+0000] {manager.py:878} INFO - 
================================================================================
DAG File Processing Stats

File Path                                    PID    Runtime      # DAGs    # Errors  Last Runtime    Last Run
-------------------------------------------  -----  ---------  --------  ----------  --------------  -------------------
/opt/airflow/dags/ecommerce_pipeline_dag.py                           1           0  0.31s           2026-06-11T18:23:26
/opt/airflow/dags/cdc_daily_dag.py                                    1           0  0.24s           2026-06-11T18:23:21
/opt/airflow/dags/common_callbacks.py                                 0           0  0.10s           2026-06-11T18:23:19
================================================================================
[2026-06-11T18:24:08.224+0000] {manager.py:878} INFO - 
================================================================================
DAG File Processing Stats

File Path                                    PID    Runtime      # DAGs    # Errors  Last Runtime    Last Run
-------------------------------------------  -----  ---------  --------  ----------  --------------  -------------------
/opt/airflow/dags/ecommerce_pipeline_dag.py                           1           0  0.47s           2026-06-11T18:23:57
/opt/airflow/dags/cdc_daily_dag.py                                    1           0  0.29s           2026-06-11T18:23:52
/opt/airflow/dags/common_callbacks.py                                 0           0  0.09s           2026-06-11T18:23:49
================================================================================
[2026-06-11T18:24:38.339+0000] {manager.py:878} INFO - 
================================================================================
DAG File Processing Stats

File Path                                    PID    Runtime      # DAGs    # Errors  Last Runtime    Last Run
-------------------------------------------  -----  ---------  --------  ----------  --------------  -------------------
/opt/airflow/dags/cdc_daily_dag.py                                    1           0  0.46s           2026-06-11T18:24:23
/opt/airflow/dags/ecommerce_pipeline_dag.py                           1           0  0.29s           2026-06-11T18:24:28
/opt/airflow/dags/common_callbacks.py                                 0           0  0.08s           2026-06-11T18:24:19
================================================================================
[2026-06-11T18:25:03.352+0000] {manager.py:737} INFO - Searching for files in /opt/airflow/dags
[2026-06-11T18:25:03.401+0000] {manager.py:740} INFO - There are 3 files in /opt/airflow/dags
[2026-06-11T18:25:08.446+0000] {manager.py:878} INFO - 
================================================================================
DAG File Processing Stats

File Path                                    PID    Runtime      # DAGs    # Errors  Last Runtime    Last Run
-------------------------------------------  -----  ---------  --------  ----------  --------------  -------------------
/opt/airflow/dags/ecommerce_pipeline_dag.py                           1           0  0.23s           2026-06-11T18:24:59
/opt/airflow/dags/cdc_daily_dag.py                                    1           0  0.20s           2026-06-11T18:24:54
/opt/airflow/dags/common_callbacks.py                                 0           0  0.11s           2026-06-11T18:24:49
================================================================================
[2026-06-11T18:25:38.560+0000] {manager.py:878} INFO - 
================================================================================
DAG File Processing Stats

File Path                                    PID    Runtime      # DAGs    # Errors  Last Runtime    Last Run
-------------------------------------------  -----  ---------  --------  ----------  --------------  -------------------
/opt/airflow/dags/ecommerce_pipeline_dag.py                           1           0  0.46s           2026-06-11T18:25:31
/opt/airflow/dags/cdc_daily_dag.py                                    1           0  0.34s           2026-06-11T18:25:24
/opt/airflow/dags/common_callbacks.py                                 0           0  0.06s           2026-06-11T18:25:19
================================================================================
[2026-06-11T18:26:08.679+0000] {manager.py:878} INFO - 
================================================================================
DAG File Processing Stats

File Path                                    PID    Runtime      # DAGs    # Errors  Last Runtime    Last Run
-------------------------------------------  -----  ---------  --------  ----------  --------------  -------------------
/opt/airflow/dags/ecommerce_pipeline_dag.py                           1           0  0.68s           2026-06-11T18:26:02
/opt/airflow/dags/cdc_daily_dag.py                                    1           0  0.34s           2026-06-11T18:25:56
/opt/airflow/dags/common_callbacks.py                                 0           0  0.09s           2026-06-11T18:25:49
================================================================================
[2026-06-11T18:26:38.811+0000] {manager.py:878} INFO - 
================================================================================
DAG File Processing Stats

File Path                                    PID    Runtime      # DAGs    # Errors  Last Runtime    Last Run
-------------------------------------------  -----  ---------  --------  ----------  --------------  -------------------
/opt/airflow/dags/ecommerce_pipeline_dag.py                           1           0  0.58s           2026-06-11T18:26:33
/opt/airflow/dags/cdc_daily_dag.py                                    1           0  0.31s           2026-06-11T18:26:26
/opt/airflow/dags/common_callbacks.py                                 0           0  0.17s           2026-06-11T18:26:20
================================================================================
[2026-06-11T18:26:41.693+0000] {manager.py:452} INFO - Exiting gracefully upon receiving signal 15
[2026-06-11T18:27:03.910+0000] {manager.py:470} INFO - Processing files using up to 2 processes at a time 
[2026-06-11T18:27:03.912+0000] {manager.py:471} INFO - Process each file at most once every 30 seconds
[2026-06-11T18:27:03.915+0000] {manager.py:472} INFO - Checking for new files in /opt/airflow/dags every 300 seconds
[2026-06-11T18:27:03.917+0000] {manager.py:737} INFO - Searching for files in /opt/airflow/dags
[2026-06-11T18:27:04.023+0000] {manager.py:740} INFO - There are 3 files in /opt/airflow/dags
[2026-06-11T18:27:04.280+0000] {manager.py:878} INFO - 
================================================================================
DAG File Processing Stats

File Path                                      PID  Runtime      # DAGs    # Errors  Last Runtime    Last Run
-------------------------------------------  -----  ---------  --------  ----------  --------------  ----------
/opt/airflow/dags/cdc_daily_dag.py             183  0.08s             0           0
/opt/airflow/dags/common_callbacks.py                                 0           0
/opt/airflow/dags/ecommerce_pipeline_dag.py    180  0.12s             0           0
================================================================================
[2026-06-11T18:27:35.094+0000] {manager.py:878} INFO - 
================================================================================
DAG File Processing Stats

File Path                                      PID  Runtime      # DAGs    # Errors  Last Runtime    Last Run
-------------------------------------------  -----  ---------  --------  ----------  --------------  -------------------
/opt/airflow/dags/ecommerce_pipeline_dag.py    195  0.03s             1           0  0.27s           2026-06-11T18:27:04
/opt/airflow/dags/cdc_daily_dag.py             198  0.00s             1           0  0.26s           2026-06-11T18:27:04
/opt/airflow/dags/common_callbacks.py                                 0           0  0.10s           2026-06-11T18:27:04
================================================================================
[2026-06-11T18:28:05.145+0000] {manager.py:878} INFO - 
================================================================================
DAG File Processing Stats

File Path                                    PID    Runtime      # DAGs    # Errors  Last Runtime    Last Run
-------------------------------------------  -----  ---------  --------  ----------  --------------  -------------------
/opt/airflow/dags/ecommerce_pipeline_dag.py                           1           0  0.71s           2026-06-11T18:27:35
/opt/airflow/dags/cdc_daily_dag.py                                    1           0  0.55s           2026-06-11T18:27:35
/opt/airflow/dags/common_callbacks.py                                 0           0  0.08s           2026-06-11T18:27:35
================================================================================
[2026-06-11T18:28:35.245+0000] {manager.py:878} INFO - 
================================================================================
DAG File Processing Stats

File Path                                    PID    Runtime      # DAGs    # Errors  Last Runtime    Last Run
-------------------------------------------  -----  ---------  --------  ----------  --------------  -------------------
/opt/airflow/dags/ecommerce_pipeline_dag.py                           1           0  0.54s           2026-06-11T18:28:06
/opt/airflow/dags/cdc_daily_dag.py                                    1           0  0.32s           2026-06-11T18:28:06
/opt/airflow/dags/common_callbacks.py                                 0           0  0.11s           2026-06-11T18:28:06
================================================================================
[2026-06-11T18:29:05.371+0000] {manager.py:878} INFO - 
================================================================================
DAG File Processing Stats

File Path                                    PID    Runtime      # DAGs    # Errors  Last Runtime    Last Run
-------------------------------------------  -----  ---------  --------  ----------  --------------  -------------------
/opt/airflow/dags/ecommerce_pipeline_dag.py                           1           0  0.34s           2026-06-11T18:28:37
/opt/airflow/dags/cdc_daily_dag.py                                    1           0  0.18s           2026-06-11T18:28:37
/opt/airflow/dags/common_callbacks.py                                 0           0  0.09s           2026-06-11T18:28:37
================================================================================
[2026-06-11T18:29:35.510+0000] {manager.py:878} INFO - 
================================================================================
DAG File Processing Stats

File Path                                    PID    Runtime      # DAGs    # Errors  Last Runtime    Last Run
-------------------------------------------  -----  ---------  --------  ----------  --------------  -------------------
/opt/airflow/dags/ecommerce_pipeline_dag.py                           1           0  0.39s           2026-06-11T18:29:08
/opt/airflow/dags/cdc_daily_dag.py                                    1           0  0.32s           2026-06-11T18:29:08
/opt/airflow/dags/common_callbacks.py                                 0           0  0.09s           2026-06-11T18:29:08
================================================================================
